[ 2016-05-11T13:58:38+08:00 ] 127.0.0.1 /vote-fe/index.php/home
INFO: [ app_begin ] --START--
INFO: Run Behavior\ReadHtmlCache [ RunTime:0.078004s ]
INFO: [ app_begin ] --END-- [ RunTime:0.164009s ]
INFO: [ view_parse ] --START--
INFO: [ template_filter ] --START--
INFO: Run Behavior\ContentReplace [ RunTime:0.000000s ]
INFO: [ template_filter ] --END-- [ RunTime:0.000000s ]
INFO: Run Behavior\ParseTemplate [ RunTime:0.178011s ]
INFO: [ view_parse ] --END-- [ RunTime:0.178011s ]
INFO: [ view_filter ] --START--
INFO: Run Behavior\WriteHtmlCache [ RunTime:0.036002s ]
INFO: [ view_filter ] --END-- [ RunTime:0.036002s ]

[ 2016-05-11T13:58:42+08:00 ] 127.0.0.1 /vote-fe/index.php/Login/login.html
INFO: [ app_begin ] --START--
INFO: Run Behavior\ReadHtmlCache [ RunTime:0.001000s ]
INFO: [ app_begin ] --END-- [ RunTime:0.002000s ]
INFO: [ view_parse ] --START--
INFO: [ template_filter ] --START--
INFO: Run Behavior\ContentReplace [ RunTime:0.000000s ]
INFO: [ template_filter ] --END-- [ RunTime:0.001000s ]
INFO: Run Behavior\ParseTemplate [ RunTime:0.182010s ]
INFO: [ view_parse ] --END-- [ RunTime:0.182010s ]
INFO: [ view_filter ] --START--
INFO: Run Behavior\WriteHtmlCache [ RunTime:0.001001s ]
INFO: [ view_filter ] --END-- [ RunTime:0.001001s ]
INFO: [ app_end ] --START--
INFO: Run Behavior\ShowPageTrace [ RunTime:0.140008s ]
INFO: [ app_end ] --END-- [ RunTime:0.140008s ]

[ 2016-05-11T13:58:43+08:00 ] 127.0.0.1 /vote-fe/index.php/Login/%E7%99%BB%E5%BD%95%20-%20SuperId_files/hm.js
INFO: [ app_begin ] --START--
INFO: Run Behavior\ReadHtmlCache [ RunTime:0.001000s ]
INFO: [ app_begin ] --END-- [ RunTime:0.002000s ]
ERR: 非法操作:登录 - superid_files

[ 2016-05-11T13:58:43+08:00 ] 127.0.0.1 /vote-fe/index.php/Login/%E7%99%BB%E5%BD%95%20-%20SuperId_files/settings.js
INFO: [ app_begin ] --START--
INFO: Run Behavior\ReadHtmlCache [ RunTime:0.001000s ]
INFO: [ app_begin ] --END-- [ RunTime:0.002000s ]
ERR: 非法操作:登录 - superid_files

[ 2016-05-11T13:58:43+08:00 ] 127.0.0.1 /vote-fe/index.php/Login/%E7%99%BB%E5%BD%95%20-%20SuperId_files/bundle.lib.min.1460456660699.js
INFO: [ app_begin ] --START--
INFO: Run Behavior\ReadHtmlCache [ RunTime:0.002000s ]
INFO: [ app_begin ] --END-- [ RunTime:0.003000s ]
ERR: 非法操作:登录 - superid_files

[ 2016-05-11T13:58:44+08:00 ] 127.0.0.1 /vote-fe/index.php/Login/%E7%99%BB%E5%BD%95%20-%20SuperId_files/head.min.1460456660699.js
INFO: [ app_begin ] --START--
INFO: Run Behavior\ReadHtmlCache [ RunTime:0.001000s ]
INFO: [ app_begin ] --END-- [ RunTime:0.001000s ]
ERR: 非法操作:登录 - superid_files

[ 2016-05-11T13:58:44+08:00 ] 127.0.0.1 /vote-fe/index.php/Login/%E7%99%BB%E5%BD%95%20-%20SuperId_files/area.js
INFO: [ app_begin ] --START--
INFO: Run Behavior\ReadHtmlCache [ RunTime:0.001000s ]
INFO: [ app_begin ] --END-- [ RunTime:0.002000s ]
ERR: 非法操作:登录 - superid_files

[ 2016-05-11T13:58:44+08:00 ] 127.0.0.1 /vote-fe/index.php/Login/%E7%99%BB%E5%BD%95%20-%20SuperId_files/nations.js
INFO: [ app_begin ] --START--
INFO: Run Behavior\ReadHtmlCache [ RunTime:0.001001s ]
INFO: [ app_begin ] --END-- [ RunTime:0.002001s ]
ERR: 非法操作:登录 - superid_files

[ 2016-05-11T13:58:44+08:00 ] 127.0.0.1 /vote-fe/index.php/Login/%E7%99%BB%E5%BD%95%20-%20SuperId_files/bundle.min.1460456660699.js
INFO: [ app_begin ] --START--
INFO: Run Behavior\ReadHtmlCache [ RunTime:0.001000s ]
INFO: [ app_begin ] --END-- [ RunTime:0.002000s ]
ERR: 非法操作:登录 - superid_files

[ 2016-05-11T13:58:49+08:00 ] 127.0.0.1 /vote-fe/index.php/Login/login.html
INFO: [ app_begin ] --START--
INFO: Run Behavior\ReadHtmlCache [ RunTime:0.001000s ]
INFO: [ app_begin ] --END-- [ RunTime:0.002000s ]
SQL: SHOW COLUMNS FROM `user` [ RunTime:0.173010s ]
SQL: SELECT `userId`,`username`,`departmentId`,`realname`,`password` FROM `user` WHERE ( `username` = 'xiaoz' ) LIMIT 1   [ RunTime:0.002000s ]
INFO: [ view_parse ] --START--
INFO: [ template_filter ] --START--
INFO: Run Behavior\ContentReplace [ RunTime:0.000000s ]
INFO: [ template_filter ] --END-- [ RunTime:0.001000s ]
INFO: Run Behavior\ParseTemplate [ RunTime:0.019001s ]
INFO: [ view_parse ] --END-- [ RunTime:0.019001s ]
INFO: [ view_filter ] --START--
INFO: Run Behavior\WriteHtmlCache [ RunTime:0.001000s ]
INFO: [ view_filter ] --END-- [ RunTime:0.001000s ]
INFO: [ app_end ] --START--
INFO: Run Behavior\ShowPageTrace [ RunTime:0.002000s ]
INFO: [ app_end ] --END-- [ RunTime:0.002000s ]

[ 2016-05-11T13:58:51+08:00 ] 127.0.0.1 /vote-fe/index.php/Index/index.html
INFO: [ app_begin ] --START--
INFO: Run Behavior\ReadHtmlCache [ RunTime:0.001000s ]
INFO: [ app_begin ] --END-- [ RunTime:0.002000s ]
SQL: SELECT * FROM department [ RunTime:0.149009s ]
SQL: SELECT * FROM employee WHERE department_id = 1 AND status = 1 ORDER BY votes DESC LIMIT 0, 20 [ RunTime:0.285016s ]
SQL: SELECT COUNT(*) AS tp_count FROM `` WHERE ( `department_id` = '1' ) LIMIT 1   [ RunTime:0.001000s ]
ERR: 1103:Incorrect table name ''
 [ SQL语句 ] : SELECT COUNT(*) AS tp_count FROM `` WHERE ( `department_id` = '1' ) LIMIT 1  
INFO: [ view_parse ] --START--
INFO: [ template_filter ] --START--
INFO: Run Behavior\ContentReplace [ RunTime:0.000000s ]
INFO: [ template_filter ] --END-- [ RunTime:0.000000s ]
NOTIC: [8] Undefined index: departmentId E:\WWW\vote-fe\Application\Runtime\Cache\Home\2a94b8bda04ff446dcedd42276fc99ee.php 第 26 行.
NOTIC: [8] Undefined index: departmentId E:\WWW\vote-fe\Application\Runtime\Cache\Home\2a94b8bda04ff446dcedd42276fc99ee.php 第 26 行.
NOTIC: [8] Undefined index: departmentId E:\WWW\vote-fe\Application\Runtime\Cache\Home\2a94b8bda04ff446dcedd42276fc99ee.php 第 26 行.
NOTIC: [8] Undefined index: departmentId E:\WWW\vote-fe\Application\Runtime\Cache\Home\2a94b8bda04ff446dcedd42276fc99ee.php 第 26 行.
NOTIC: [8] Undefined index: departmentId E:\WWW\vote-fe\Application\Runtime\Cache\Home\2a94b8bda04ff446dcedd42276fc99ee.php 第 26 行.
NOTIC: [8] Undefined index: departmentId E:\WWW\vote-fe\Application\Runtime\Cache\Home\2a94b8bda04ff446dcedd42276fc99ee.php 第 26 行.
NOTIC: [8] Undefined index: departmentId E:\WWW\vote-fe\Application\Runtime\Cache\Home\2a94b8bda04ff446dcedd42276fc99ee.php 第 124 行.
NOTIC: [8] Undefined index: departmentId E:\WWW\vote-fe\Application\Runtime\Cache\Home\2a94b8bda04ff446dcedd42276fc99ee.php 第 124 行.
NOTIC: [8] Undefined index: departmentId E:\WWW\vote-fe\Application\Runtime\Cache\Home\2a94b8bda04ff446dcedd42276fc99ee.php 第 124 行.
NOTIC: [8] Undefined index: departmentId E:\WWW\vote-fe\Application\Runtime\Cache\Home\2a94b8bda04ff446dcedd42276fc99ee.php 第 124 行.
NOTIC: [8] Undefined index: departmentId E:\WWW\vote-fe\Application\Runtime\Cache\Home\2a94b8bda04ff446dcedd42276fc99ee.php 第 124 行.
NOTIC: [8] Undefined index: departmentId E:\WWW\vote-fe\Application\Runtime\Cache\Home\2a94b8bda04ff446dcedd42276fc99ee.php 第 124 行.
INFO: Run Behavior\ParseTemplate [ RunTime:0.111006s ]
INFO: [ view_parse ] --END-- [ RunTime:0.112007s ]
INFO: [ view_filter ] --START--
INFO: Run Behavior\WriteHtmlCache [ RunTime:0.000000s ]
INFO: [ view_filter ] --END-- [ RunTime:0.000000s ]
INFO: [ app_end ] --START--
INFO: Run Behavior\ShowPageTrace [ RunTime:0.002000s ]
INFO: [ app_end ] --END-- [ RunTime:0.002000s ]

[ 2016-05-11T13:59:04+08:00 ] 127.0.0.1 /vote-fe/index.php/home/employee/signup.html
INFO: [ app_begin ] --START--
INFO: Run Behavior\ReadHtmlCache [ RunTime:0.001000s ]
INFO: [ app_begin ] --END-- [ RunTime:0.002001s ]
INFO: [ view_parse ] --START--
INFO: [ template_filter ] --START--
INFO: Run Behavior\ContentReplace [ RunTime:0.000000s ]
INFO: [ template_filter ] --END-- [ RunTime:0.000000s ]
NOTIC: [8] Undefined variable: departmentId E:\WWW\vote-fe\Application\Runtime\Cache\Home\d7e4274678da84bc24aa74ccb6909ee2.php 第 82 行.
INFO: Run Behavior\ParseTemplate [ RunTime:0.103006s ]
INFO: [ view_parse ] --END-- [ RunTime:0.103006s ]
INFO: [ view_filter ] --START--
INFO: Run Behavior\WriteHtmlCache [ RunTime:0.002000s ]
INFO: [ view_filter ] --END-- [ RunTime:0.002000s ]
INFO: [ app_end ] --START--
INFO: Run Behavior\ShowPageTrace [ RunTime:0.002000s ]
INFO: [ app_end ] --END-- [ RunTime:0.002000s ]

