[ 2016-05-18T00:07:25+08:00 ] 127.0.0.1 /index.php/home/map/index.html
INFO: [ app_begin ] --START--
INFO: Run Behavior\ReadHtmlCache [ RunTime:0.000951s ]
INFO: [ app_begin ] --END-- [ RunTime:0.001735s ]
NOTIC: [2048] Declaration of Home\Controller\MapController::show() should be compatible with that of Think\Controller::show() C:\WWW\vote-fe\Application\Home\Controller\MapController.class.php 第 14 行.
INFO: [ view_parse ] --START--
INFO: [ template_filter ] --START--
INFO: Run Behavior\ContentReplace [ RunTime:0.000061s ]
INFO: [ template_filter ] --END-- [ RunTime:0.000144s ]
INFO: Run Behavior\ParseTemplate [ RunTime:0.008984s ]
INFO: [ view_parse ] --END-- [ RunTime:0.009085s ]
INFO: [ view_filter ] --START--
INFO: Run Behavior\WriteHtmlCache [ RunTime:0.000201s ]
INFO: [ view_filter ] --END-- [ RunTime:0.000238s ]
INFO: [ app_end ] --START--
INFO: Run Behavior\ShowPageTrace [ RunTime:0.000335s ]
INFO: [ app_end ] --END-- [ RunTime:0.000374s ]

[ 2016-05-18T00:07:29+08:00 ] 127.0.0.1 /index.php/home/map/show.html
INFO: [ app_begin ] --START--
INFO: Run Behavior\ReadHtmlCache [ RunTime:0.000278s ]
INFO: [ app_begin ] --END-- [ RunTime:0.000496s ]
NOTIC: [2048] Declaration of Home\Controller\MapController::show() should be compatible with that of Think\Controller::show() C:\WWW\vote-fe\Application\Home\Controller\MapController.class.php 第 14 行.
SQL: SELECT * ,count(*) AS count FROM record group by cityName [ RunTime:3.871115s ]

[ 2016-05-18T00:08:26+08:00 ] 127.0.0.1 /index.php/home/map/index.html
INFO: [ app_begin ] --START--
INFO: Run Behavior\ReadHtmlCache [ RunTime:0.000393s ]
INFO: [ app_begin ] --END-- [ RunTime:0.000702s ]
NOTIC: [2048] Declaration of Home\Controller\MapController::show() should be compatible with that of Think\Controller::show() C:\WWW\vote-fe\Application\Home\Controller\MapController.class.php 第 14 行.
INFO: [ view_parse ] --START--
INFO: [ template_filter ] --START--
INFO: Run Behavior\ContentReplace [ RunTime:0.000161s ]
INFO: [ template_filter ] --END-- [ RunTime:0.000231s ]
INFO: Run Behavior\ParseTemplate [ RunTime:0.011846s ]
INFO: [ view_parse ] --END-- [ RunTime:0.011917s ]
INFO: [ view_filter ] --START--
INFO: Run Behavior\WriteHtmlCache [ RunTime:0.000214s ]
INFO: [ view_filter ] --END-- [ RunTime:0.000262s ]
INFO: [ app_end ] --START--
INFO: Run Behavior\ShowPageTrace [ RunTime:0.000422s ]
INFO: [ app_end ] --END-- [ RunTime:0.000499s ]

[ 2016-05-18T00:09:47+08:00 ] 127.0.0.1 /index.php/home/map/index.html
INFO: [ app_begin ] --START--
INFO: Run Behavior\ReadHtmlCache [ RunTime:0.000313s ]
INFO: [ app_begin ] --END-- [ RunTime:0.000563s ]
NOTIC: [2048] Declaration of Home\Controller\MapController::show() should be compatible with that of Think\Controller::show() C:\WWW\vote-fe\Application\Home\Controller\MapController.class.php 第 14 行.
INFO: [ view_parse ] --START--
INFO: [ template_filter ] --START--
INFO: Run Behavior\ContentReplace [ RunTime:0.000040s ]
INFO: [ template_filter ] --END-- [ RunTime:0.000088s ]
INFO: Run Behavior\ParseTemplate [ RunTime:0.003522s ]
INFO: [ view_parse ] --END-- [ RunTime:0.003574s ]
INFO: [ view_filter ] --START--
INFO: Run Behavior\WriteHtmlCache [ RunTime:0.000176s ]
INFO: [ view_filter ] --END-- [ RunTime:0.000213s ]
INFO: [ app_end ] --START--
INFO: Run Behavior\ShowPageTrace [ RunTime:0.000324s ]
INFO: [ app_end ] --END-- [ RunTime:0.000364s ]

[ 2016-05-18T00:09:48+08:00 ] 127.0.0.1 /index.php/home/map/show.html
INFO: [ app_begin ] --START--
INFO: Run Behavior\ReadHtmlCache [ RunTime:0.000285s ]
INFO: [ app_begin ] --END-- [ RunTime:0.000504s ]
NOTIC: [2048] Declaration of Home\Controller\MapController::show() should be compatible with that of Think\Controller::show() C:\WWW\vote-fe\Application\Home\Controller\MapController.class.php 第 14 行.
SQL: SELECT * ,count(*) AS count FROM record group by cityName [ RunTime:0.006524s ]

