[ 2016-04-15T23:44:07+08:00 ] 127.0.0.1 /
INFO: [ app_begin ] --START--
INFO: Run Behavior\ReadHtmlCache [ RunTime:0.000425s ]
INFO: [ app_begin ] --END-- [ RunTime:0.000822s ]
SQL: SELECT * FROM department [ RunTime:0.000775s ]
SQL: SELECT * FROM employee WHERE department_id = 1 AND status = 1 ORDER BY votes DESC LIMIT 0, 20 [ RunTime:0.000522s ]
SQL: SELECT COUNT(*) AS tp_count FROM `` WHERE ( `department_id` = '1' ) LIMIT 1   [ RunTime:0.000383s ]
ERR: 1103:Incorrect table name ''
 [ SQL语句 ] : SELECT COUNT(*) AS tp_count FROM `` WHERE ( `department_id` = '1' ) LIMIT 1  
INFO: [ view_parse ] --START--
INFO: [ template_filter ] --START--
INFO: Run Behavior\ContentReplace [ RunTime:0.000063s ]
INFO: [ template_filter ] --END-- [ RunTime:0.000119s ]
NOTIC: [8] Undefined index: departmentId C:\WWW\vote-fe\Application\Runtime\Cache\Home\2a94b8bda04ff446dcedd42276fc99ee.php 第 22 行.
NOTIC: [8] Undefined index: departmentId C:\WWW\vote-fe\Application\Runtime\Cache\Home\2a94b8bda04ff446dcedd42276fc99ee.php 第 22 行.
NOTIC: [8] Undefined index: departmentId C:\WWW\vote-fe\Application\Runtime\Cache\Home\2a94b8bda04ff446dcedd42276fc99ee.php 第 22 行.
NOTIC: [8] Undefined index: departmentId C:\WWW\vote-fe\Application\Runtime\Cache\Home\2a94b8bda04ff446dcedd42276fc99ee.php 第 22 行.
NOTIC: [8] Undefined index: departmentId C:\WWW\vote-fe\Application\Runtime\Cache\Home\2a94b8bda04ff446dcedd42276fc99ee.php 第 22 行.
NOTIC: [8] Undefined index: departmentId C:\WWW\vote-fe\Application\Runtime\Cache\Home\2a94b8bda04ff446dcedd42276fc99ee.php 第 22 行.
NOTIC: [8] Undefined index: departmentId C:\WWW\vote-fe\Application\Runtime\Cache\Home\2a94b8bda04ff446dcedd42276fc99ee.php 第 22 行.
INFO: Run Behavior\ParseTemplate [ RunTime:0.014675s ]
INFO: [ view_parse ] --END-- [ RunTime:0.014719s ]
INFO: [ view_filter ] --START--
INFO: Run Behavior\WriteHtmlCache [ RunTime:0.000201s ]
INFO: [ view_filter ] --END-- [ RunTime:0.000238s ]
INFO: [ app_end ] --START--
INFO: Run Behavior\ShowPageTrace [ RunTime:0.000332s ]
INFO: [ app_end ] --END-- [ RunTime:0.000378s ]

[ 2016-04-15T23:44:27+08:00 ] 127.0.0.1 /index.php/home/index/index/departmentId/1.html
INFO: [ app_begin ] --START--
INFO: Run Behavior\ReadHtmlCache [ RunTime:0.000714s ]
INFO: [ app_begin ] --END-- [ RunTime:0.001332s ]
SQL: SELECT * FROM department [ RunTime:0.000504s ]
SQL: SELECT * FROM employee WHERE department_id = 1 AND status = 1 ORDER BY votes DESC LIMIT 0, 20 [ RunTime:0.000524s ]
SQL: SELECT COUNT(*) AS tp_count FROM `` WHERE ( `department_id` = '1' ) LIMIT 1   [ RunTime:0.000384s ]
ERR: 1103:Incorrect table name ''
 [ SQL语句 ] : SELECT COUNT(*) AS tp_count FROM `` WHERE ( `department_id` = '1' ) LIMIT 1  
INFO: [ view_parse ] --START--
INFO: [ template_filter ] --START--
INFO: Run Behavior\ContentReplace [ RunTime:0.000061s ]
INFO: [ template_filter ] --END-- [ RunTime:0.000111s ]
INFO: Run Behavior\ParseTemplate [ RunTime:0.007655s ]
INFO: [ view_parse ] --END-- [ RunTime:0.007709s ]
INFO: [ view_filter ] --START--
INFO: Run Behavior\WriteHtmlCache [ RunTime:0.000164s ]
INFO: [ view_filter ] --END-- [ RunTime:0.000202s ]
INFO: [ app_end ] --START--
INFO: Run Behavior\ShowPageTrace [ RunTime:0.000319s ]
INFO: [ app_end ] --END-- [ RunTime:0.000366s ]

[ 2016-04-15T23:45:08+08:00 ] 127.0.0.1 /index.php/home/index/index/departmentId/1.html
INFO: [ app_begin ] --START--
INFO: Run Behavior\ReadHtmlCache [ RunTime:0.000301s ]
INFO: [ app_begin ] --END-- [ RunTime:0.000539s ]
SQL: SELECT * FROM department [ RunTime:0.000260s ]
SQL: SELECT * FROM employee WHERE department_id = 1 AND status = 1 ORDER BY votes DESC LIMIT 0, 20 [ RunTime:0.000319s ]
SQL: SELECT COUNT(*) AS tp_count FROM `` WHERE ( `department_id` = '1' ) LIMIT 1   [ RunTime:0.000126s ]
ERR: 1103:Incorrect table name ''
 [ SQL语句 ] : SELECT COUNT(*) AS tp_count FROM `` WHERE ( `department_id` = '1' ) LIMIT 1  
INFO: [ view_parse ] --START--
INFO: [ template_filter ] --START--
INFO: Run Behavior\ContentReplace [ RunTime:0.000064s ]
INFO: [ template_filter ] --END-- [ RunTime:0.000123s ]
INFO: Run Behavior\ParseTemplate [ RunTime:0.007613s ]
INFO: [ view_parse ] --END-- [ RunTime:0.007669s ]
INFO: [ view_filter ] --START--
INFO: Run Behavior\WriteHtmlCache [ RunTime:0.000177s ]
INFO: [ view_filter ] --END-- [ RunTime:0.000214s ]
INFO: [ app_end ] --START--
INFO: Run Behavior\ShowPageTrace [ RunTime:0.000363s ]
INFO: [ app_end ] --END-- [ RunTime:0.000420s ]

[ 2016-04-15T23:45:27+08:00 ] 127.0.0.1 /index.php/home/show/index.html
INFO: [ app_begin ] --START--
INFO: Run Behavior\ReadHtmlCache [ RunTime:0.000392s ]
INFO: [ app_begin ] --END-- [ RunTime:0.000697s ]
NOTIC: [2048] Declaration of Home\Controller\ShowController::show() should be compatible with that of Think\Controller::show() C:\WWW\vote-fe\Application\Home\Controller\ShowController.class.php 第 39 行.
INFO: [ view_parse ] --START--
INFO: [ template_filter ] --START--
INFO: Run Behavior\ContentReplace [ RunTime:0.000058s ]
INFO: [ template_filter ] --END-- [ RunTime:0.000121s ]
INFO: Run Behavior\ParseTemplate [ RunTime:0.004843s ]
INFO: [ view_parse ] --END-- [ RunTime:0.004925s ]
INFO: [ view_filter ] --START--
INFO: Run Behavior\WriteHtmlCache [ RunTime:0.000204s ]
INFO: [ view_filter ] --END-- [ RunTime:0.000255s ]
INFO: [ app_end ] --START--
INFO: Run Behavior\ShowPageTrace [ RunTime:0.000398s ]
INFO: [ app_end ] --END-- [ RunTime:0.000451s ]

[ 2016-04-15T23:45:27+08:00 ] 127.0.0.1 /index.php/home/show/show.html
INFO: [ app_begin ] --START--
INFO: Run Behavior\ReadHtmlCache [ RunTime:0.000274s ]
INFO: [ app_begin ] --END-- [ RunTime:0.000489s ]
NOTIC: [2048] Declaration of Home\Controller\ShowController::show() should be compatible with that of Think\Controller::show() C:\WWW\vote-fe\Application\Home\Controller\ShowController.class.php 第 39 行.
SQL: SELECT * FROM department [ RunTime:0.000198s ]
SQL: SELECT * FROM employee WHERE department_id = 1 AND status = 1 ORDER BY votes DESC [ RunTime:0.000284s ]

[ 2016-04-15T23:45:27+08:00 ] 127.0.0.1 /index.php/home/show/show.html
INFO: [ app_begin ] --START--
INFO: Run Behavior\ReadHtmlCache [ RunTime:0.000276s ]
INFO: [ app_begin ] --END-- [ RunTime:0.000493s ]
NOTIC: [2048] Declaration of Home\Controller\ShowController::show() should be compatible with that of Think\Controller::show() C:\WWW\vote-fe\Application\Home\Controller\ShowController.class.php 第 39 行.
SQL: SELECT * FROM department [ RunTime:0.000248s ]
SQL: SELECT * FROM employee WHERE department_id = 1 AND status = 1 ORDER BY votes DESC [ RunTime:0.000286s ]

[ 2016-04-15T23:45:27+08:00 ] 127.0.0.1 /index.php/home/show/show.html
INFO: [ app_begin ] --START--
INFO: Run Behavior\ReadHtmlCache [ RunTime:0.000283s ]
INFO: [ app_begin ] --END-- [ RunTime:0.000503s ]
NOTIC: [2048] Declaration of Home\Controller\ShowController::show() should be compatible with that of Think\Controller::show() C:\WWW\vote-fe\Application\Home\Controller\ShowController.class.php 第 39 行.
SQL: SELECT * FROM department [ RunTime:0.000879s ]
SQL: SELECT * FROM employee WHERE department_id = 1 AND status = 1 ORDER BY votes DESC [ RunTime:0.000753s ]

[ 2016-04-15T23:45:27+08:00 ] 127.0.0.1 /index.php/home/show/show.html
INFO: [ app_begin ] --START--
INFO: Run Behavior\ReadHtmlCache [ RunTime:0.000281s ]
INFO: [ app_begin ] --END-- [ RunTime:0.000506s ]
NOTIC: [2048] Declaration of Home\Controller\ShowController::show() should be compatible with that of Think\Controller::show() C:\WWW\vote-fe\Application\Home\Controller\ShowController.class.php 第 39 行.
SQL: SELECT * FROM department [ RunTime:0.000527s ]
SQL: SELECT * FROM employee WHERE department_id = 1 AND status = 1 ORDER BY votes DESC [ RunTime:0.000596s ]

[ 2016-04-15T23:46:25+08:00 ] 127.0.0.1 /index.php/home
INFO: [ app_begin ] --START--
INFO: Run Behavior\ReadHtmlCache [ RunTime:0.000320s ]
INFO: [ app_begin ] --END-- [ RunTime:0.000576s ]
SQL: SELECT * FROM department [ RunTime:0.000293s ]
SQL: SELECT * FROM employee WHERE department_id = 1 AND status = 1 ORDER BY votes DESC LIMIT 0, 20 [ RunTime:0.000331s ]
SQL: SELECT COUNT(*) AS tp_count FROM `` WHERE ( `department_id` = '1' ) LIMIT 1   [ RunTime:0.000172s ]
ERR: 1103:Incorrect table name ''
 [ SQL语句 ] : SELECT COUNT(*) AS tp_count FROM `` WHERE ( `department_id` = '1' ) LIMIT 1  
INFO: [ view_parse ] --START--
INFO: [ template_filter ] --START--
INFO: Run Behavior\ContentReplace [ RunTime:0.000062s ]
INFO: [ template_filter ] --END-- [ RunTime:0.000111s ]
NOTIC: [8] Undefined index: departmentId C:\WWW\vote-fe\Application\Runtime\Cache\Home\2a94b8bda04ff446dcedd42276fc99ee.php 第 22 行.
NOTIC: [8] Undefined index: departmentId C:\WWW\vote-fe\Application\Runtime\Cache\Home\2a94b8bda04ff446dcedd42276fc99ee.php 第 22 行.
NOTIC: [8] Undefined index: departmentId C:\WWW\vote-fe\Application\Runtime\Cache\Home\2a94b8bda04ff446dcedd42276fc99ee.php 第 22 行.
NOTIC: [8] Undefined index: departmentId C:\WWW\vote-fe\Application\Runtime\Cache\Home\2a94b8bda04ff446dcedd42276fc99ee.php 第 22 行.
NOTIC: [8] Undefined index: departmentId C:\WWW\vote-fe\Application\Runtime\Cache\Home\2a94b8bda04ff446dcedd42276fc99ee.php 第 22 行.
NOTIC: [8] Undefined index: departmentId C:\WWW\vote-fe\Application\Runtime\Cache\Home\2a94b8bda04ff446dcedd42276fc99ee.php 第 22 行.
NOTIC: [8] Undefined index: departmentId C:\WWW\vote-fe\Application\Runtime\Cache\Home\2a94b8bda04ff446dcedd42276fc99ee.php 第 22 行.
INFO: Run Behavior\ParseTemplate [ RunTime:0.008287s ]
INFO: [ view_parse ] --END-- [ RunTime:0.008354s ]
INFO: [ view_filter ] --START--
INFO: Run Behavior\WriteHtmlCache [ RunTime:0.000375s ]
INFO: [ view_filter ] --END-- [ RunTime:0.000446s ]
INFO: [ app_end ] --START--
INFO: Run Behavior\ShowPageTrace [ RunTime:0.000581s ]
INFO: [ app_end ] --END-- [ RunTime:0.000668s ]

[ 2016-04-15T23:46:37+08:00 ] 127.0.0.1 /index.php/home/index/index/departmentId/1.html
INFO: [ app_begin ] --START--
INFO: Run Behavior\ReadHtmlCache [ RunTime:0.000277s ]
INFO: [ app_begin ] --END-- [ RunTime:0.000514s ]
SQL: SELECT * FROM department [ RunTime:0.000305s ]
SQL: SELECT * FROM employee WHERE department_id = 1 AND status = 1 ORDER BY votes DESC LIMIT 0, 20 [ RunTime:0.000360s ]
SQL: SELECT COUNT(*) AS tp_count FROM `` WHERE ( `department_id` = '1' ) LIMIT 1   [ RunTime:0.000177s ]
ERR: 1103:Incorrect table name ''
 [ SQL语句 ] : SELECT COUNT(*) AS tp_count FROM `` WHERE ( `department_id` = '1' ) LIMIT 1  
INFO: [ view_parse ] --START--
INFO: [ template_filter ] --START--
INFO: Run Behavior\ContentReplace [ RunTime:0.000070s ]
INFO: [ template_filter ] --END-- [ RunTime:0.000123s ]
INFO: Run Behavior\ParseTemplate [ RunTime:0.007963s ]
INFO: [ view_parse ] --END-- [ RunTime:0.008019s ]
INFO: [ view_filter ] --START--
INFO: Run Behavior\WriteHtmlCache [ RunTime:0.000194s ]
INFO: [ view_filter ] --END-- [ RunTime:0.000230s ]
INFO: [ app_end ] --START--
INFO: Run Behavior\ShowPageTrace [ RunTime:0.000295s ]
INFO: [ app_end ] --END-- [ RunTime:0.000347s ]

[ 2016-04-15T23:46:57+08:00 ] 127.0.0.1 /index.php/home/index/index/departmentId/2.html
INFO: [ app_begin ] --START--
INFO: Run Behavior\ReadHtmlCache [ RunTime:0.000290s ]
INFO: [ app_begin ] --END-- [ RunTime:0.000523s ]
SQL: SELECT * FROM department [ RunTime:0.000710s ]
SQL: SELECT * FROM employee WHERE department_id = 2 AND status = 1 ORDER BY votes DESC LIMIT 0, 20 [ RunTime:0.000622s ]
SQL: SELECT COUNT(*) AS tp_count FROM `` WHERE ( `department_id` = '2' ) LIMIT 1   [ RunTime:0.000475s ]
ERR: 1103:Incorrect table name ''
 [ SQL语句 ] : SELECT COUNT(*) AS tp_count FROM `` WHERE ( `department_id` = '2' ) LIMIT 1  
INFO: [ view_parse ] --START--
INFO: [ template_filter ] --START--
INFO: Run Behavior\ContentReplace [ RunTime:0.000061s ]
INFO: [ template_filter ] --END-- [ RunTime:0.000111s ]
INFO: Run Behavior\ParseTemplate [ RunTime:0.007850s ]
INFO: [ view_parse ] --END-- [ RunTime:0.007902s ]
INFO: [ view_filter ] --START--
INFO: Run Behavior\WriteHtmlCache [ RunTime:0.000175s ]
INFO: [ view_filter ] --END-- [ RunTime:0.000211s ]
INFO: [ app_end ] --START--
INFO: Run Behavior\ShowPageTrace [ RunTime:0.000309s ]
INFO: [ app_end ] --END-- [ RunTime:0.000353s ]

[ 2016-04-15T23:47:17+08:00 ] 127.0.0.1 /index.php/home/index/index/departmentId/1.html
INFO: [ app_begin ] --START--
INFO: Run Behavior\ReadHtmlCache [ RunTime:0.000700s ]
INFO: [ app_begin ] --END-- [ RunTime:0.001277s ]
SQL: SELECT * FROM department [ RunTime:0.000446s ]
SQL: SELECT * FROM employee WHERE department_id = 1 AND status = 1 ORDER BY votes DESC LIMIT 0, 20 [ RunTime:0.000510s ]
SQL: SELECT COUNT(*) AS tp_count FROM `` WHERE ( `department_id` = '1' ) LIMIT 1   [ RunTime:0.000371s ]
ERR: 1103:Incorrect table name ''
 [ SQL语句 ] : SELECT COUNT(*) AS tp_count FROM `` WHERE ( `department_id` = '1' ) LIMIT 1  
INFO: [ view_parse ] --START--
INFO: [ template_filter ] --START--
INFO: Run Behavior\ContentReplace [ RunTime:0.000061s ]
INFO: [ template_filter ] --END-- [ RunTime:0.000113s ]
INFO: Run Behavior\ParseTemplate [ RunTime:0.007402s ]
INFO: [ view_parse ] --END-- [ RunTime:0.007461s ]
INFO: [ view_filter ] --START--
INFO: Run Behavior\WriteHtmlCache [ RunTime:0.000238s ]
INFO: [ view_filter ] --END-- [ RunTime:0.000277s ]
INFO: [ app_end ] --START--
INFO: Run Behavior\ShowPageTrace [ RunTime:0.000356s ]
INFO: [ app_end ] --END-- [ RunTime:0.000406s ]

[ 2016-04-15T23:48:57+08:00 ] 127.0.0.1 /vote-fe/
INFO: [ app_begin ] --START--
INFO: Run Behavior\ReadHtmlCache [ RunTime:0.000314s ]
INFO: [ app_begin ] --END-- [ RunTime:0.000576s ]
SQL: SELECT * FROM department [ RunTime:0.004655s ]
SQL: SELECT * FROM employee WHERE department_id = 1 AND status = 1 ORDER BY votes DESC LIMIT 0, 20 [ RunTime:0.002706s ]
SQL: SELECT COUNT(*) AS tp_count FROM `` WHERE ( `department_id` = '1' ) LIMIT 1   [ RunTime:0.001318s ]
ERR: 1103:Incorrect table name ''
 [ SQL语句 ] : SELECT COUNT(*) AS tp_count FROM `` WHERE ( `department_id` = '1' ) LIMIT 1  
INFO: [ view_parse ] --START--
INFO: [ template_filter ] --START--
INFO: Run Behavior\ContentReplace [ RunTime:0.000064s ]
INFO: [ template_filter ] --END-- [ RunTime:0.000119s ]
NOTIC: [8] Undefined index: departmentId C:\WWW\vote-fe\Application\Runtime\Cache\Home\2a94b8bda04ff446dcedd42276fc99ee.php 第 22 行.
NOTIC: [8] Undefined index: departmentId C:\WWW\vote-fe\Application\Runtime\Cache\Home\2a94b8bda04ff446dcedd42276fc99ee.php 第 22 行.
NOTIC: [8] Undefined index: departmentId C:\WWW\vote-fe\Application\Runtime\Cache\Home\2a94b8bda04ff446dcedd42276fc99ee.php 第 22 行.
NOTIC: [8] Undefined index: departmentId C:\WWW\vote-fe\Application\Runtime\Cache\Home\2a94b8bda04ff446dcedd42276fc99ee.php 第 22 行.
NOTIC: [8] Undefined index: departmentId C:\WWW\vote-fe\Application\Runtime\Cache\Home\2a94b8bda04ff446dcedd42276fc99ee.php 第 22 行.
NOTIC: [8] Undefined index: departmentId C:\WWW\vote-fe\Application\Runtime\Cache\Home\2a94b8bda04ff446dcedd42276fc99ee.php 第 22 行.
NOTIC: [8] Undefined index: departmentId C:\WWW\vote-fe\Application\Runtime\Cache\Home\2a94b8bda04ff446dcedd42276fc99ee.php 第 22 行.
INFO: Run Behavior\ParseTemplate [ RunTime:0.017063s ]
INFO: [ view_parse ] --END-- [ RunTime:0.017146s ]
INFO: [ view_filter ] --START--
INFO: Run Behavior\WriteHtmlCache [ RunTime:0.000229s ]
INFO: [ view_filter ] --END-- [ RunTime:0.000269s ]
INFO: [ app_end ] --START--
INFO: Run Behavior\ShowPageTrace [ RunTime:0.000347s ]
INFO: [ app_end ] --END-- [ RunTime:0.000394s ]

[ 2016-04-15T23:49:17+08:00 ] 127.0.0.1 /vote-fe/index.php/home/index/index/departmentId/1.html
INFO: [ app_begin ] --START--
INFO: Run Behavior\ReadHtmlCache [ RunTime:0.000519s ]
INFO: [ app_begin ] --END-- [ RunTime:0.000926s ]
SQL: SELECT * FROM department [ RunTime:0.000736s ]
SQL: SELECT * FROM employee WHERE department_id = 1 AND status = 1 ORDER BY votes DESC LIMIT 0, 20 [ RunTime:0.000715s ]
SQL: SELECT COUNT(*) AS tp_count FROM `` WHERE ( `department_id` = '1' ) LIMIT 1   [ RunTime:0.000955s ]
ERR: 1103:Incorrect table name ''
 [ SQL语句 ] : SELECT COUNT(*) AS tp_count FROM `` WHERE ( `department_id` = '1' ) LIMIT 1  
INFO: [ view_parse ] --START--
INFO: [ template_filter ] --START--
INFO: Run Behavior\ContentReplace [ RunTime:0.000089s ]
INFO: [ template_filter ] --END-- [ RunTime:0.000159s ]
INFO: Run Behavior\ParseTemplate [ RunTime:0.007681s ]
INFO: [ view_parse ] --END-- [ RunTime:0.007730s ]
INFO: [ view_filter ] --START--
INFO: Run Behavior\WriteHtmlCache [ RunTime:0.000161s ]
INFO: [ view_filter ] --END-- [ RunTime:0.000198s ]
INFO: [ app_end ] --START--
INFO: Run Behavior\ShowPageTrace [ RunTime:0.000319s ]
INFO: [ app_end ] --END-- [ RunTime:0.000368s ]

[ 2016-04-15T23:49:58+08:00 ] 127.0.0.1 /vote-fe/index.php/home/index/index/departmentId/1.html
INFO: [ app_begin ] --START--
INFO: Run Behavior\ReadHtmlCache [ RunTime:0.000292s ]
INFO: [ app_begin ] --END-- [ RunTime:0.000532s ]
SQL: SELECT * FROM department [ RunTime:0.000511s ]
SQL: SELECT * FROM employee WHERE department_id = 1 AND status = 1 ORDER BY votes DESC LIMIT 0, 20 [ RunTime:0.000542s ]
SQL: SELECT COUNT(*) AS tp_count FROM `` WHERE ( `department_id` = '1' ) LIMIT 1   [ RunTime:0.000453s ]
ERR: 1103:Incorrect table name ''
 [ SQL语句 ] : SELECT COUNT(*) AS tp_count FROM `` WHERE ( `department_id` = '1' ) LIMIT 1  
INFO: [ view_parse ] --START--
INFO: [ template_filter ] --START--
INFO: Run Behavior\ContentReplace [ RunTime:0.000060s ]
INFO: [ template_filter ] --END-- [ RunTime:0.000104s ]
INFO: Run Behavior\ParseTemplate [ RunTime:0.007637s ]
INFO: [ view_parse ] --END-- [ RunTime:0.007692s ]
INFO: [ view_filter ] --START--
INFO: Run Behavior\WriteHtmlCache [ RunTime:0.000171s ]
INFO: [ view_filter ] --END-- [ RunTime:0.000209s ]
INFO: [ app_end ] --START--
INFO: Run Behavior\ShowPageTrace [ RunTime:0.000345s ]
INFO: [ app_end ] --END-- [ RunTime:0.000397s ]

[ 2016-04-15T23:51:59+08:00 ] 127.0.0.1 /vote-fe/index.php/home/index/index/departmentId/1.html
INFO: [ app_begin ] --START--
INFO: Run Behavior\ReadHtmlCache [ RunTime:0.000568s ]
INFO: [ app_begin ] --END-- [ RunTime:0.001022s ]
SQL: SELECT * FROM department [ RunTime:0.000956s ]
SQL: SELECT * FROM employee WHERE department_id = 1 AND status = 1 ORDER BY votes DESC LIMIT 0, 20 [ RunTime:0.001107s ]
SQL: SELECT COUNT(*) AS tp_count FROM `` WHERE ( `department_id` = '1' ) LIMIT 1   [ RunTime:0.000563s ]
ERR: 1103:Incorrect table name ''
 [ SQL语句 ] : SELECT COUNT(*) AS tp_count FROM `` WHERE ( `department_id` = '1' ) LIMIT 1  
INFO: [ view_parse ] --START--
INFO: [ template_filter ] --START--
INFO: Run Behavior\ContentReplace [ RunTime:0.000061s ]
INFO: [ template_filter ] --END-- [ RunTime:0.000108s ]
INFO: Run Behavior\ParseTemplate [ RunTime:0.007916s ]
INFO: [ view_parse ] --END-- [ RunTime:0.007968s ]
INFO: [ view_filter ] --START--
INFO: Run Behavior\WriteHtmlCache [ RunTime:0.000219s ]
INFO: [ view_filter ] --END-- [ RunTime:0.000264s ]
INFO: [ app_end ] --START--
INFO: Run Behavior\ShowPageTrace [ RunTime:0.000479s ]
INFO: [ app_end ] --END-- [ RunTime:0.000549s ]

[ 2016-04-15T23:55:07+08:00 ] 127.0.0.1 /vote-fe/index.php/home/index/index/departmentId/1.html
INFO: [ app_begin ] --START--
INFO: Run Behavior\ReadHtmlCache [ RunTime:0.000456s ]
INFO: [ app_begin ] --END-- [ RunTime:0.000827s ]
SQL: SELECT * FROM department [ RunTime:0.000879s ]
SQL: SELECT * FROM employee WHERE department_id = 1 AND status = 1 ORDER BY votes DESC LIMIT 0, 20 [ RunTime:0.000719s ]
SQL: SELECT COUNT(*) AS tp_count FROM `` WHERE ( `department_id` = '1' ) LIMIT 1   [ RunTime:0.000503s ]
ERR: 1103:Incorrect table name ''
 [ SQL语句 ] : SELECT COUNT(*) AS tp_count FROM `` WHERE ( `department_id` = '1' ) LIMIT 1  
INFO: [ view_parse ] --START--
INFO: [ template_filter ] --START--
INFO: Run Behavior\ContentReplace [ RunTime:0.000087s ]
INFO: [ template_filter ] --END-- [ RunTime:0.000161s ]
INFO: Run Behavior\ParseTemplate [ RunTime:0.011119s ]
INFO: [ view_parse ] --END-- [ RunTime:0.011191s ]
INFO: [ view_filter ] --START--
INFO: Run Behavior\WriteHtmlCache [ RunTime:0.000293s ]
INFO: [ view_filter ] --END-- [ RunTime:0.000345s ]
INFO: [ app_end ] --START--
INFO: Run Behavior\ShowPageTrace [ RunTime:0.000484s ]
INFO: [ app_end ] --END-- [ RunTime:0.000548s ]

[ 2016-04-15T23:55:34+08:00 ] 127.0.0.1 /vote-fe/index.php/home/index/index/departmentId/1.html
INFO: [ app_begin ] --START--
INFO: Run Behavior\ReadHtmlCache [ RunTime:0.000313s ]
INFO: [ app_begin ] --END-- [ RunTime:0.000577s ]
SQL: SELECT * FROM department [ RunTime:0.000552s ]
SQL: SELECT * FROM employee WHERE department_id = 1 AND status = 1 ORDER BY votes DESC LIMIT 0, 20 [ RunTime:0.000541s ]
SQL: SELECT COUNT(*) AS tp_count FROM `` WHERE ( `department_id` = '1' ) LIMIT 1   [ RunTime:0.000263s ]
ERR: 1103:Incorrect table name ''
 [ SQL语句 ] : SELECT COUNT(*) AS tp_count FROM `` WHERE ( `department_id` = '1' ) LIMIT 1  
INFO: [ view_parse ] --START--
INFO: [ template_filter ] --START--
INFO: Run Behavior\ContentReplace [ RunTime:0.000063s ]
INFO: [ template_filter ] --END-- [ RunTime:0.000116s ]
INFO: Run Behavior\ParseTemplate [ RunTime:0.013908s ]
INFO: [ view_parse ] --END-- [ RunTime:0.013973s ]
INFO: [ view_filter ] --START--
INFO: Run Behavior\WriteHtmlCache [ RunTime:0.000354s ]
INFO: [ view_filter ] --END-- [ RunTime:0.000409s ]
INFO: [ app_end ] --START--
INFO: Run Behavior\ShowPageTrace [ RunTime:0.000390s ]
INFO: [ app_end ] --END-- [ RunTime:0.000444s ]

[ 2016-04-15T23:55:47+08:00 ] 127.0.0.1 /vote-fe/index.php/home/index/index/departmentId/2.html
INFO: [ app_begin ] --START--
INFO: Run Behavior\ReadHtmlCache [ RunTime:0.000411s ]
INFO: [ app_begin ] --END-- [ RunTime:0.000731s ]
SQL: SELECT * FROM department [ RunTime:0.000624s ]
SQL: SELECT * FROM employee WHERE department_id = 2 AND status = 1 ORDER BY votes DESC LIMIT 0, 20 [ RunTime:0.000699s ]
SQL: SELECT COUNT(*) AS tp_count FROM `` WHERE ( `department_id` = '2' ) LIMIT 1   [ RunTime:0.000355s ]
ERR: 1103:Incorrect table name ''
 [ SQL语句 ] : SELECT COUNT(*) AS tp_count FROM `` WHERE ( `department_id` = '2' ) LIMIT 1  
INFO: [ view_parse ] --START--
INFO: [ template_filter ] --START--
INFO: Run Behavior\ContentReplace [ RunTime:0.000058s ]
INFO: [ template_filter ] --END-- [ RunTime:0.000106s ]
INFO: Run Behavior\ParseTemplate [ RunTime:0.008057s ]
INFO: [ view_parse ] --END-- [ RunTime:0.008106s ]
INFO: [ view_filter ] --START--
INFO: Run Behavior\WriteHtmlCache [ RunTime:0.000154s ]
INFO: [ view_filter ] --END-- [ RunTime:0.000191s ]
INFO: [ app_end ] --START--
INFO: Run Behavior\ShowPageTrace [ RunTime:0.000294s ]
INFO: [ app_end ] --END-- [ RunTime:0.000338s ]

[ 2016-04-15T23:59:22+08:00 ] 127.0.0.1 /vote-fe/index.php/home/show/index.html
INFO: [ app_begin ] --START--
INFO: Run Behavior\ReadHtmlCache [ RunTime:0.000446s ]
INFO: [ app_begin ] --END-- [ RunTime:0.000806s ]
NOTIC: [2048] Declaration of Home\Controller\ShowController::show() should be compatible with that of Think\Controller::show() C:\WWW\vote-fe\Application\Home\Controller\ShowController.class.php 第 39 行.
INFO: [ view_parse ] --START--
INFO: [ template_filter ] --START--
INFO: Run Behavior\ContentReplace [ RunTime:0.000061s ]
INFO: [ template_filter ] --END-- [ RunTime:0.000127s ]
INFO: Run Behavior\ParseTemplate [ RunTime:0.005228s ]
INFO: [ view_parse ] --END-- [ RunTime:0.005312s ]
INFO: [ view_filter ] --START--
INFO: Run Behavior\WriteHtmlCache [ RunTime:0.000270s ]
INFO: [ view_filter ] --END-- [ RunTime:0.000321s ]
INFO: [ app_end ] --START--
INFO: Run Behavior\ShowPageTrace [ RunTime:0.000455s ]
INFO: [ app_end ] --END-- [ RunTime:0.000509s ]

[ 2016-04-15T23:59:23+08:00 ] 127.0.0.1 /vote-fe/index.php/home/show/show.html
INFO: [ app_begin ] --START--
INFO: Run Behavior\ReadHtmlCache [ RunTime:0.000281s ]
INFO: [ app_begin ] --END-- [ RunTime:0.000505s ]
NOTIC: [2048] Declaration of Home\Controller\ShowController::show() should be compatible with that of Think\Controller::show() C:\WWW\vote-fe\Application\Home\Controller\ShowController.class.php 第 39 行.
SQL: SELECT * FROM department [ RunTime:0.000476s ]
SQL: SELECT * FROM employee WHERE department_id = 1 AND status = 1 ORDER BY votes DESC [ RunTime:0.000492s ]

[ 2016-04-15T23:59:23+08:00 ] 127.0.0.1 /vote-fe/index.php/home/show/show.html
INFO: [ app_begin ] --START--
INFO: Run Behavior\ReadHtmlCache [ RunTime:0.000274s ]
INFO: [ app_begin ] --END-- [ RunTime:0.000496s ]
NOTIC: [2048] Declaration of Home\Controller\ShowController::show() should be compatible with that of Think\Controller::show() C:\WWW\vote-fe\Application\Home\Controller\ShowController.class.php 第 39 行.
SQL: SELECT * FROM department [ RunTime:0.000598s ]
SQL: SELECT * FROM employee WHERE department_id = 1 AND status = 1 ORDER BY votes DESC [ RunTime:0.000503s ]

[ 2016-04-15T23:59:23+08:00 ] 127.0.0.1 /vote-fe/index.php/home/show/show.html
INFO: [ app_begin ] --START--
INFO: Run Behavior\ReadHtmlCache [ RunTime:0.000319s ]
INFO: [ app_begin ] --END-- [ RunTime:0.000538s ]
NOTIC: [2048] Declaration of Home\Controller\ShowController::show() should be compatible with that of Think\Controller::show() C:\WWW\vote-fe\Application\Home\Controller\ShowController.class.php 第 39 行.
SQL: SELECT * FROM department [ RunTime:0.000580s ]
SQL: SELECT * FROM employee WHERE department_id = 1 AND status = 1 ORDER BY votes DESC [ RunTime:0.000597s ]

[ 2016-04-15T23:59:23+08:00 ] 127.0.0.1 /vote-fe/index.php/home/show/show.html
INFO: [ app_begin ] --START--
INFO: Run Behavior\ReadHtmlCache [ RunTime:0.000286s ]
INFO: [ app_begin ] --END-- [ RunTime:0.000507s ]
NOTIC: [2048] Declaration of Home\Controller\ShowController::show() should be compatible with that of Think\Controller::show() C:\WWW\vote-fe\Application\Home\Controller\ShowController.class.php 第 39 行.
SQL: SELECT * FROM department [ RunTime:0.000342s ]
SQL: SELECT * FROM employee WHERE department_id = 1 AND status = 1 ORDER BY votes DESC [ RunTime:0.000577s ]

