[ 2016-05-21T08:29:13+08:00 ] 127.0.0.1 /
INFO: [ app_begin ] --START--
INFO: Run Behavior\ReadHtmlCache [ RunTime:0.000810s ]
INFO: [ app_begin ] --END-- [ RunTime:0.001816s ]
INFO: [ view_parse ] --START--
INFO: [ template_filter ] --START--
INFO: Run Behavior\ContentReplace [ RunTime:0.000037s ]
INFO: [ template_filter ] --END-- [ RunTime:0.000098s ]
INFO: Run Behavior\ParseTemplate [ RunTime:0.016749s ]
INFO: [ view_parse ] --END-- [ RunTime:0.016824s ]
INFO: [ view_filter ] --START--
INFO: Run Behavior\WriteHtmlCache [ RunTime:0.000523s ]
INFO: [ view_filter ] --END-- [ RunTime:0.000566s ]

[ 2016-05-21T08:29:16+08:00 ] 127.0.0.1 /index.php/Login/login.html
INFO: [ app_begin ] --START--
INFO: Run Behavior\ReadHtmlCache [ RunTime:0.000292s ]
INFO: [ app_begin ] --END-- [ RunTime:0.000534s ]
INFO: [ view_parse ] --START--
INFO: [ template_filter ] --START--
INFO: Run Behavior\ContentReplace [ RunTime:0.000055s ]
INFO: [ template_filter ] --END-- [ RunTime:0.000106s ]
INFO: Run Behavior\ParseTemplate [ RunTime:0.004862s ]
INFO: [ view_parse ] --END-- [ RunTime:0.004936s ]
INFO: [ view_filter ] --START--
INFO: Run Behavior\WriteHtmlCache [ RunTime:0.000153s ]
INFO: [ view_filter ] --END-- [ RunTime:0.000190s ]
INFO: [ app_end ] --START--
INFO: Run Behavior\ShowPageTrace [ RunTime:0.000611s ]
INFO: [ app_end ] --END-- [ RunTime:0.000660s ]

[ 2016-05-21T08:29:16+08:00 ] 127.0.0.1 /index.php/Login/%E7%99%BB%E5%BD%95%20-%20SuperId_files/hm.js
INFO: [ app_begin ] --START--
INFO: Run Behavior\ReadHtmlCache [ RunTime:0.000433s ]
INFO: [ app_begin ] --END-- [ RunTime:0.000783s ]
ERR: 非法操作:登录 - superid_files

[ 2016-05-21T08:29:16+08:00 ] 127.0.0.1 /index.php/Login/%E7%99%BB%E5%BD%95%20-%20SuperId_files/settings.js
INFO: [ app_begin ] --START--
INFO: Run Behavior\ReadHtmlCache [ RunTime:0.000290s ]
INFO: [ app_begin ] --END-- [ RunTime:0.000519s ]
ERR: 非法操作:登录 - superid_files

[ 2016-05-21T08:29:16+08:00 ] 127.0.0.1 /index.php/Login/%E7%99%BB%E5%BD%95%20-%20SuperId_files/bundle.lib.min.1460456660699.js
INFO: [ app_begin ] --START--
INFO: Run Behavior\ReadHtmlCache [ RunTime:0.000423s ]
INFO: [ app_begin ] --END-- [ RunTime:0.000743s ]
ERR: 非法操作:登录 - superid_files

[ 2016-05-21T08:29:16+08:00 ] 127.0.0.1 /index.php/Login/%E7%99%BB%E5%BD%95%20-%20SuperId_files/head.min.1460456660699.js
INFO: [ app_begin ] --START--
INFO: Run Behavior\ReadHtmlCache [ RunTime:0.000280s ]
INFO: [ app_begin ] --END-- [ RunTime:0.000502s ]
ERR: 非法操作:登录 - superid_files

[ 2016-05-21T08:29:16+08:00 ] 127.0.0.1 /index.php/Login/%E7%99%BB%E5%BD%95%20-%20SuperId_files/area.js
INFO: [ app_begin ] --START--
INFO: Run Behavior\ReadHtmlCache [ RunTime:0.000441s ]
INFO: [ app_begin ] --END-- [ RunTime:0.000780s ]
ERR: 非法操作:登录 - superid_files

[ 2016-05-21T08:29:16+08:00 ] 127.0.0.1 /index.php/Login/%E7%99%BB%E5%BD%95%20-%20SuperId_files/nations.js
INFO: [ app_begin ] --START--
INFO: Run Behavior\ReadHtmlCache [ RunTime:0.000284s ]
INFO: [ app_begin ] --END-- [ RunTime:0.000513s ]
ERR: 非法操作:登录 - superid_files

[ 2016-05-21T08:29:16+08:00 ] 127.0.0.1 /index.php/Login/%E7%99%BB%E5%BD%95%20-%20SuperId_files/bundle.min.1460456660699.js
INFO: [ app_begin ] --START--
INFO: Run Behavior\ReadHtmlCache [ RunTime:0.000288s ]
INFO: [ app_begin ] --END-- [ RunTime:0.000535s ]
ERR: 非法操作:登录 - superid_files

[ 2016-05-21T08:29:38+08:00 ] 127.0.0.1 /index.php/Login/login.html
INFO: [ app_begin ] --START--
INFO: Run Behavior\ReadHtmlCache [ RunTime:0.000400s ]
INFO: [ app_begin ] --END-- [ RunTime:0.000728s ]
SQL: SHOW COLUMNS FROM `user` [ RunTime:0.010291s ]
SQL: SELECT `userId`,`username`,`departmentId`,`realname`,`password` FROM `user` WHERE ( `username` = 'luyan' ) LIMIT 1   [ RunTime:0.001423s ]
INFO: [ view_parse ] --START--
INFO: [ template_filter ] --START--
INFO: Run Behavior\ContentReplace [ RunTime:0.000034s ]
INFO: [ template_filter ] --END-- [ RunTime:0.000082s ]
INFO: Run Behavior\ParseTemplate [ RunTime:0.003694s ]
INFO: [ view_parse ] --END-- [ RunTime:0.003752s ]
INFO: [ view_filter ] --START--
INFO: Run Behavior\WriteHtmlCache [ RunTime:0.000154s ]
INFO: [ view_filter ] --END-- [ RunTime:0.000190s ]
INFO: [ app_end ] --START--
INFO: Run Behavior\ShowPageTrace [ RunTime:0.000286s ]
INFO: [ app_end ] --END-- [ RunTime:0.000326s ]

[ 2016-05-21T08:29:39+08:00 ] 127.0.0.1 /index.php/Index/index.html
INFO: [ app_begin ] --START--
INFO: Run Behavior\ReadHtmlCache [ RunTime:0.000286s ]
INFO: [ app_begin ] --END-- [ RunTime:0.000507s ]
SQL: SELECT * FROM department [ RunTime:0.002077s ]
SQL: SELECT * FROM employee WHERE department_id = 1 AND status = 1 ORDER BY votes DESC LIMIT 0, 20 [ RunTime:0.002627s ]
SQL: SELECT COUNT(*) AS tp_count FROM `` WHERE ( `department_id` = '1' ) LIMIT 1   [ RunTime:0.000395s ]
ERR: 1103:Incorrect table name ''
 [ SQL语句 ] : SELECT COUNT(*) AS tp_count FROM `` WHERE ( `department_id` = '1' ) LIMIT 1  
INFO: [ view_parse ] --START--
INFO: [ template_filter ] --START--
INFO: Run Behavior\ContentReplace [ RunTime:0.000081s ]
INFO: [ template_filter ] --END-- [ RunTime:0.000126s ]
NOTIC: [8] Undefined index: departmentId C:\WWW\vote-fe\Application\Runtime\Cache\Home\2a94b8bda04ff446dcedd42276fc99ee.php 第 45 行.
NOTIC: [8] Undefined index: departmentId C:\WWW\vote-fe\Application\Runtime\Cache\Home\2a94b8bda04ff446dcedd42276fc99ee.php 第 45 行.
NOTIC: [8] Undefined index: departmentId C:\WWW\vote-fe\Application\Runtime\Cache\Home\2a94b8bda04ff446dcedd42276fc99ee.php 第 45 行.
NOTIC: [8] Undefined index: departmentId C:\WWW\vote-fe\Application\Runtime\Cache\Home\2a94b8bda04ff446dcedd42276fc99ee.php 第 45 行.
NOTIC: [8] Undefined index: departmentId C:\WWW\vote-fe\Application\Runtime\Cache\Home\2a94b8bda04ff446dcedd42276fc99ee.php 第 45 行.
NOTIC: [8] Undefined index: departmentId C:\WWW\vote-fe\Application\Runtime\Cache\Home\2a94b8bda04ff446dcedd42276fc99ee.php 第 45 行.
NOTIC: [8] Undefined index: departmentId C:\WWW\vote-fe\Application\Runtime\Cache\Home\2a94b8bda04ff446dcedd42276fc99ee.php 第 143 行.
NOTIC: [8] Undefined index: departmentId C:\WWW\vote-fe\Application\Runtime\Cache\Home\2a94b8bda04ff446dcedd42276fc99ee.php 第 143 行.
NOTIC: [8] Undefined index: departmentId C:\WWW\vote-fe\Application\Runtime\Cache\Home\2a94b8bda04ff446dcedd42276fc99ee.php 第 143 行.
NOTIC: [8] Undefined index: departmentId C:\WWW\vote-fe\Application\Runtime\Cache\Home\2a94b8bda04ff446dcedd42276fc99ee.php 第 143 行.
NOTIC: [8] Undefined index: departmentId C:\WWW\vote-fe\Application\Runtime\Cache\Home\2a94b8bda04ff446dcedd42276fc99ee.php 第 143 行.
NOTIC: [8] Undefined index: departmentId C:\WWW\vote-fe\Application\Runtime\Cache\Home\2a94b8bda04ff446dcedd42276fc99ee.php 第 143 行.
INFO: Run Behavior\ParseTemplate [ RunTime:0.011689s ]
INFO: [ view_parse ] --END-- [ RunTime:0.011743s ]
INFO: [ view_filter ] --START--
INFO: Run Behavior\WriteHtmlCache [ RunTime:0.000168s ]
INFO: [ view_filter ] --END-- [ RunTime:0.000205s ]
INFO: [ app_end ] --START--
INFO: Run Behavior\ShowPageTrace [ RunTime:0.000309s ]
INFO: [ app_end ] --END-- [ RunTime:0.000359s ]

[ 2016-05-21T08:29:51+08:00 ] 127.0.0.1 /index.php/home/show/index/departmentId/1.html
INFO: [ app_begin ] --START--
INFO: Run Behavior\ReadHtmlCache [ RunTime:0.000285s ]
INFO: [ app_begin ] --END-- [ RunTime:0.000507s ]
NOTIC: [2048] Declaration of Home\Controller\ShowController::show() should be compatible with that of Think\Controller::show() C:\WWW\vote-fe\Application\Home\Controller\ShowController.class.php 第 15 行.
SQL: SELECT * FROM department WHERE id = 1 [ RunTime:0.001784s ]
INFO: [ view_parse ] --START--
INFO: [ template_filter ] --START--
INFO: Run Behavior\ContentReplace [ RunTime:0.000143s ]
INFO: [ template_filter ] --END-- [ RunTime:0.000283s ]
NOTIC: [8] Use of undefined constant departmentId - assumed 'departmentId' C:\WWW\vote-fe\Application\Runtime\Cache\Home\3b6891c7cb83d3cb00b92e5716eff3af.php 第 158 行.
INFO: Run Behavior\ParseTemplate [ RunTime:0.012141s ]
INFO: [ view_parse ] --END-- [ RunTime:0.012279s ]
INFO: [ view_filter ] --START--
INFO: Run Behavior\WriteHtmlCache [ RunTime:0.000479s ]
INFO: [ view_filter ] --END-- [ RunTime:0.000586s ]
INFO: [ app_end ] --START--
INFO: Run Behavior\ShowPageTrace [ RunTime:0.000846s ]
INFO: [ app_end ] --END-- [ RunTime:0.000961s ]

[ 2016-05-21T08:29:52+08:00 ] 127.0.0.1 /index.php/home/show/show.html
INFO: [ app_begin ] --START--
INFO: Run Behavior\ReadHtmlCache [ RunTime:0.000276s ]
INFO: [ app_begin ] --END-- [ RunTime:0.000493s ]
NOTIC: [2048] Declaration of Home\Controller\ShowController::show() should be compatible with that of Think\Controller::show() C:\WWW\vote-fe\Application\Home\Controller\ShowController.class.php 第 15 行.
SQL: SELECT * FROM department [ RunTime:0.001489s ]
SQL: SELECT * FROM employee WHERE department_id = 1 AND status = 1 ORDER BY votes DESC [ RunTime:0.002426s ]

[ 2016-05-21T08:29:52+08:00 ] 127.0.0.1 /index.php/home/show/show.html
INFO: [ app_begin ] --START--
INFO: Run Behavior\ReadHtmlCache [ RunTime:0.000274s ]
INFO: [ app_begin ] --END-- [ RunTime:0.000490s ]
NOTIC: [2048] Declaration of Home\Controller\ShowController::show() should be compatible with that of Think\Controller::show() C:\WWW\vote-fe\Application\Home\Controller\ShowController.class.php 第 15 行.
SQL: SELECT * FROM department [ RunTime:0.001002s ]
SQL: SELECT * FROM employee WHERE department_id = 1 AND status = 1 ORDER BY votes DESC [ RunTime:0.001602s ]

[ 2016-05-21T08:29:52+08:00 ] 127.0.0.1 /index.php/home/show/show.html
INFO: [ app_begin ] --START--
INFO: Run Behavior\ReadHtmlCache [ RunTime:0.000287s ]
INFO: [ app_begin ] --END-- [ RunTime:0.000524s ]
NOTIC: [2048] Declaration of Home\Controller\ShowController::show() should be compatible with that of Think\Controller::show() C:\WWW\vote-fe\Application\Home\Controller\ShowController.class.php 第 15 行.
SQL: SELECT * FROM department [ RunTime:0.000907s ]
SQL: SELECT * FROM employee WHERE department_id = 1 AND status = 1 ORDER BY votes DESC [ RunTime:0.001562s ]

[ 2016-05-21T08:29:52+08:00 ] 127.0.0.1 /index.php/home/show/show/departmentId/departmentId.html
INFO: [ app_begin ] --START--
INFO: Run Behavior\ReadHtmlCache [ RunTime:0.000274s ]
INFO: [ app_begin ] --END-- [ RunTime:0.000494s ]
NOTIC: [2048] Declaration of Home\Controller\ShowController::show() should be compatible with that of Think\Controller::show() C:\WWW\vote-fe\Application\Home\Controller\ShowController.class.php 第 15 行.
SQL: SELECT * FROM department [ RunTime:0.000604s ]
SQL: SELECT * FROM employee WHERE department_id = 1 AND status = 1 ORDER BY votes DESC [ RunTime:0.000931s ]

