[ 2016-04-24T00:37:19+08:00 ] 127.0.0.1 /vote-fe/
INFO: [ app_begin ] --START--
INFO: Run Behavior\ReadHtmlCache [ RunTime:0.013001s ]
INFO: [ app_begin ] --END-- [ RunTime:0.036002s ]
INFO: [ view_parse ] --START--
INFO: [ template_filter ] --START--
INFO: Run Behavior\ContentReplace [ RunTime:0.000000s ]
INFO: [ template_filter ] --END-- [ RunTime:0.035002s ]
INFO: Run Behavior\ParseTemplate [ RunTime:0.251014s ]
INFO: [ view_parse ] --END-- [ RunTime:0.251014s ]
INFO: [ view_filter ] --START--
INFO: Run Behavior\WriteHtmlCache [ RunTime:0.021001s ]
INFO: [ view_filter ] --END-- [ RunTime:0.022001s ]

[ 2016-04-24T00:37:23+08:00 ] 127.0.0.1 /vote-fe/index.php/Login/login.html
INFO: [ app_begin ] --START--
INFO: Run Behavior\ReadHtmlCache [ RunTime:0.001001s ]
INFO: [ app_begin ] --END-- [ RunTime:0.002001s ]
INFO: [ view_parse ] --START--
INFO: [ template_filter ] --START--
INFO: Run Behavior\ContentReplace [ RunTime:0.000000s ]
INFO: [ template_filter ] --END-- [ RunTime:0.000000s ]
INFO: Run Behavior\ParseTemplate [ RunTime:0.039002s ]
INFO: [ view_parse ] --END-- [ RunTime:0.039002s ]
INFO: [ view_filter ] --START--
INFO: Run Behavior\WriteHtmlCache [ RunTime:0.001000s ]
INFO: [ view_filter ] --END-- [ RunTime:0.001000s ]
INFO: [ app_end ] --START--
INFO: Run Behavior\ShowPageTrace [ RunTime:0.021002s ]
INFO: [ app_end ] --END-- [ RunTime:0.022002s ]

[ 2016-04-24T00:37:23+08:00 ] 127.0.0.1 /vote-fe/index.php/Login/%E7%99%BB%E5%BD%95%20-%20SuperId_files/hm.js
INFO: [ app_begin ] --START--
INFO: Run Behavior\ReadHtmlCache [ RunTime:0.001000s ]
INFO: [ app_begin ] --END-- [ RunTime:0.002000s ]
ERR: 非法操作:登录 - superid_files

[ 2016-04-24T00:37:23+08:00 ] 127.0.0.1 /vote-fe/index.php/Login/%E7%99%BB%E5%BD%95%20-%20SuperId_files/settings.js
INFO: [ app_begin ] --START--
INFO: Run Behavior\ReadHtmlCache [ RunTime:0.001000s ]
INFO: [ app_begin ] --END-- [ RunTime:0.002000s ]
ERR: 非法操作:登录 - superid_files

[ 2016-04-24T00:37:23+08:00 ] 127.0.0.1 /vote-fe/index.php/Login/%E7%99%BB%E5%BD%95%20-%20SuperId_files/bundle.lib.min.1460456660699.js
INFO: [ app_begin ] --START--
INFO: Run Behavior\ReadHtmlCache [ RunTime:0.001000s ]
INFO: [ app_begin ] --END-- [ RunTime:0.002000s ]
ERR: 非法操作:登录 - superid_files

[ 2016-04-24T00:37:23+08:00 ] 127.0.0.1 /vote-fe/index.php/Login/%E7%99%BB%E5%BD%95%20-%20SuperId_files/head.min.1460456660699.js
INFO: [ app_begin ] --START--
INFO: Run Behavior\ReadHtmlCache [ RunTime:0.001000s ]
INFO: [ app_begin ] --END-- [ RunTime:0.002000s ]
ERR: 非法操作:登录 - superid_files

[ 2016-04-24T00:37:23+08:00 ] 127.0.0.1 /vote-fe/index.php/Login/%E7%99%BB%E5%BD%95%20-%20SuperId_files/area.js
INFO: [ app_begin ] --START--
INFO: Run Behavior\ReadHtmlCache [ RunTime:0.001000s ]
INFO: [ app_begin ] --END-- [ RunTime:0.002000s ]
ERR: 非法操作:登录 - superid_files

[ 2016-04-24T00:37:23+08:00 ] 127.0.0.1 /vote-fe/index.php/Login/%E7%99%BB%E5%BD%95%20-%20SuperId_files/nations.js
INFO: [ app_begin ] --START--
INFO: Run Behavior\ReadHtmlCache [ RunTime:0.001000s ]
INFO: [ app_begin ] --END-- [ RunTime:0.002000s ]
ERR: 非法操作:登录 - superid_files

[ 2016-04-24T00:37:23+08:00 ] 127.0.0.1 /vote-fe/index.php/Login/%E7%99%BB%E5%BD%95%20-%20SuperId_files/bundle.min.1460456660699.js
INFO: [ app_begin ] --START--
INFO: Run Behavior\ReadHtmlCache [ RunTime:0.001000s ]
INFO: [ app_begin ] --END-- [ RunTime:0.002000s ]
ERR: 非法操作:登录 - superid_files

[ 2016-04-24T00:38:03+08:00 ] 127.0.0.1 /vote-fe/index.php/Login/login.html
INFO: [ app_begin ] --START--
INFO: Run Behavior\ReadHtmlCache [ RunTime:0.001000s ]
INFO: [ app_begin ] --END-- [ RunTime:0.003001s ]
SQL: SHOW COLUMNS FROM `user` [ RunTime:0.279016s ]
SQL: SELECT `userId`,`username`,`departmentId`,`realname`,`password` FROM `user` WHERE ( `username` = 'luyan' ) LIMIT 1   [ RunTime:0.001000s ]
INFO: [ view_parse ] --START--
INFO: [ template_filter ] --START--
INFO: Run Behavior\ContentReplace [ RunTime:0.000000s ]
INFO: [ template_filter ] --END-- [ RunTime:0.000000s ]
INFO: Run Behavior\ParseTemplate [ RunTime:0.017001s ]
INFO: [ view_parse ] --END-- [ RunTime:0.017001s ]
INFO: [ view_filter ] --START--
INFO: Run Behavior\WriteHtmlCache [ RunTime:0.001000s ]
INFO: [ view_filter ] --END-- [ RunTime:0.002000s ]
INFO: [ app_end ] --START--
INFO: Run Behavior\ShowPageTrace [ RunTime:0.001000s ]
INFO: [ app_end ] --END-- [ RunTime:0.001000s ]

[ 2016-04-24T00:38:04+08:00 ] 127.0.0.1 /vote-fe/index.php/Index/index.html
INFO: [ app_begin ] --START--
INFO: Run Behavior\ReadHtmlCache [ RunTime:0.001000s ]
INFO: [ app_begin ] --END-- [ RunTime:0.002000s ]
SQL: SELECT * FROM department [ RunTime:0.001000s ]
SQL: SELECT * FROM employee WHERE department_id = 1 AND status = 1 ORDER BY votes DESC LIMIT 0, 20 [ RunTime:0.001000s ]
SQL: SELECT COUNT(*) AS tp_count FROM `` WHERE ( `department_id` = '1' ) LIMIT 1   [ RunTime:0.043002s ]
ERR: 1103:Incorrect table name ''
 [ SQL语句 ] : SELECT COUNT(*) AS tp_count FROM `` WHERE ( `department_id` = '1' ) LIMIT 1  
INFO: [ view_parse ] --START--
INFO: [ template_filter ] --START--
INFO: Run Behavior\ContentReplace [ RunTime:0.000000s ]
INFO: [ template_filter ] --END-- [ RunTime:0.000000s ]
NOTIC: [8] Undefined index: departmentId E:\WWW\vote-fe\Application\Runtime\Cache\Home\2a94b8bda04ff446dcedd42276fc99ee.php 第 26 行.
NOTIC: [8] Undefined index: departmentId E:\WWW\vote-fe\Application\Runtime\Cache\Home\2a94b8bda04ff446dcedd42276fc99ee.php 第 26 行.
NOTIC: [8] Undefined index: departmentId E:\WWW\vote-fe\Application\Runtime\Cache\Home\2a94b8bda04ff446dcedd42276fc99ee.php 第 26 行.
NOTIC: [8] Undefined index: departmentId E:\WWW\vote-fe\Application\Runtime\Cache\Home\2a94b8bda04ff446dcedd42276fc99ee.php 第 26 行.
NOTIC: [8] Undefined index: departmentId E:\WWW\vote-fe\Application\Runtime\Cache\Home\2a94b8bda04ff446dcedd42276fc99ee.php 第 26 行.
NOTIC: [8] Undefined index: departmentId E:\WWW\vote-fe\Application\Runtime\Cache\Home\2a94b8bda04ff446dcedd42276fc99ee.php 第 26 行.
NOTIC: [8] Undefined index: departmentId E:\WWW\vote-fe\Application\Runtime\Cache\Home\2a94b8bda04ff446dcedd42276fc99ee.php 第 124 行.
NOTIC: [8] Undefined index: departmentId E:\WWW\vote-fe\Application\Runtime\Cache\Home\2a94b8bda04ff446dcedd42276fc99ee.php 第 124 行.
NOTIC: [8] Undefined index: departmentId E:\WWW\vote-fe\Application\Runtime\Cache\Home\2a94b8bda04ff446dcedd42276fc99ee.php 第 124 行.
NOTIC: [8] Undefined index: departmentId E:\WWW\vote-fe\Application\Runtime\Cache\Home\2a94b8bda04ff446dcedd42276fc99ee.php 第 124 行.
NOTIC: [8] Undefined index: departmentId E:\WWW\vote-fe\Application\Runtime\Cache\Home\2a94b8bda04ff446dcedd42276fc99ee.php 第 124 行.
NOTIC: [8] Undefined index: departmentId E:\WWW\vote-fe\Application\Runtime\Cache\Home\2a94b8bda04ff446dcedd42276fc99ee.php 第 124 行.
INFO: Run Behavior\ParseTemplate [ RunTime:0.122007s ]
INFO: [ view_parse ] --END-- [ RunTime:0.123008s ]
INFO: [ view_filter ] --START--
INFO: Run Behavior\WriteHtmlCache [ RunTime:0.001000s ]
INFO: [ view_filter ] --END-- [ RunTime:0.001000s ]
INFO: [ app_end ] --START--
INFO: Run Behavior\ShowPageTrace [ RunTime:0.001000s ]
INFO: [ app_end ] --END-- [ RunTime:0.001000s ]

[ 2016-04-24T00:39:52+08:00 ] 127.0.0.1 /vote-fe/index.php/Index/index.html
INFO: [ app_begin ] --START--
INFO: Run Behavior\ReadHtmlCache [ RunTime:0.001000s ]
INFO: [ app_begin ] --END-- [ RunTime:0.002000s ]
SQL: SELECT * FROM department [ RunTime:0.001000s ]
SQL: SELECT * FROM employee WHERE department_id = 1 AND status = 1 ORDER BY votes DESC LIMIT 0, 20 [ RunTime:0.002000s ]
SQL: SELECT COUNT(*) AS tp_count FROM `` WHERE ( `department_id` = '1' ) LIMIT 1   [ RunTime:0.001000s ]
ERR: 1103:Incorrect table name ''
 [ SQL语句 ] : SELECT COUNT(*) AS tp_count FROM `` WHERE ( `department_id` = '1' ) LIMIT 1  
INFO: [ view_parse ] --START--
INFO: [ template_filter ] --START--
INFO: Run Behavior\ContentReplace [ RunTime:0.000000s ]
INFO: [ template_filter ] --END-- [ RunTime:0.000000s ]
NOTIC: [8] Undefined index: departmentId E:\WWW\vote-fe\Application\Runtime\Cache\Home\2a94b8bda04ff446dcedd42276fc99ee.php 第 26 行.
NOTIC: [8] Undefined index: departmentId E:\WWW\vote-fe\Application\Runtime\Cache\Home\2a94b8bda04ff446dcedd42276fc99ee.php 第 26 行.
NOTIC: [8] Undefined index: departmentId E:\WWW\vote-fe\Application\Runtime\Cache\Home\2a94b8bda04ff446dcedd42276fc99ee.php 第 26 行.
NOTIC: [8] Undefined index: departmentId E:\WWW\vote-fe\Application\Runtime\Cache\Home\2a94b8bda04ff446dcedd42276fc99ee.php 第 26 行.
NOTIC: [8] Undefined index: departmentId E:\WWW\vote-fe\Application\Runtime\Cache\Home\2a94b8bda04ff446dcedd42276fc99ee.php 第 26 行.
NOTIC: [8] Undefined index: departmentId E:\WWW\vote-fe\Application\Runtime\Cache\Home\2a94b8bda04ff446dcedd42276fc99ee.php 第 26 行.
NOTIC: [8] Undefined index: departmentId E:\WWW\vote-fe\Application\Runtime\Cache\Home\2a94b8bda04ff446dcedd42276fc99ee.php 第 124 行.
NOTIC: [8] Undefined index: departmentId E:\WWW\vote-fe\Application\Runtime\Cache\Home\2a94b8bda04ff446dcedd42276fc99ee.php 第 124 行.
NOTIC: [8] Undefined index: departmentId E:\WWW\vote-fe\Application\Runtime\Cache\Home\2a94b8bda04ff446dcedd42276fc99ee.php 第 124 行.
NOTIC: [8] Undefined index: departmentId E:\WWW\vote-fe\Application\Runtime\Cache\Home\2a94b8bda04ff446dcedd42276fc99ee.php 第 124 行.
NOTIC: [8] Undefined index: departmentId E:\WWW\vote-fe\Application\Runtime\Cache\Home\2a94b8bda04ff446dcedd42276fc99ee.php 第 124 行.
NOTIC: [8] Undefined index: departmentId E:\WWW\vote-fe\Application\Runtime\Cache\Home\2a94b8bda04ff446dcedd42276fc99ee.php 第 124 行.
INFO: Run Behavior\ParseTemplate [ RunTime:0.029002s ]
INFO: [ view_parse ] --END-- [ RunTime:0.029002s ]
INFO: [ view_filter ] --START--
INFO: Run Behavior\WriteHtmlCache [ RunTime:0.001000s ]
INFO: [ view_filter ] --END-- [ RunTime:0.001000s ]
INFO: [ app_end ] --START--
INFO: Run Behavior\ShowPageTrace [ RunTime:0.002000s ]
INFO: [ app_end ] --END-- [ RunTime:0.002000s ]

[ 2016-04-24T00:39:56+08:00 ] 127.0.0.1 /vote-fe/index.php/home/index/index/departmentId/5.html
INFO: [ app_begin ] --START--
INFO: Run Behavior\ReadHtmlCache [ RunTime:0.001000s ]
INFO: [ app_begin ] --END-- [ RunTime:0.002000s ]
SQL: SELECT * FROM department [ RunTime:0.000000s ]
SQL: SELECT * FROM employee WHERE department_id = 5 AND status = 1 ORDER BY votes DESC LIMIT 0, 20 [ RunTime:0.000000s ]
SQL: SELECT COUNT(*) AS tp_count FROM `` WHERE ( `department_id` = '5' ) LIMIT 1   [ RunTime:0.000000s ]
ERR: 1103:Incorrect table name ''
 [ SQL语句 ] : SELECT COUNT(*) AS tp_count FROM `` WHERE ( `department_id` = '5' ) LIMIT 1  
INFO: [ view_parse ] --START--
INFO: [ template_filter ] --START--
INFO: Run Behavior\ContentReplace [ RunTime:0.000000s ]
INFO: [ template_filter ] --END-- [ RunTime:0.000000s ]
INFO: Run Behavior\ParseTemplate [ RunTime:0.025001s ]
INFO: [ view_parse ] --END-- [ RunTime:0.026001s ]
INFO: [ view_filter ] --START--
INFO: Run Behavior\WriteHtmlCache [ RunTime:0.000000s ]
INFO: [ view_filter ] --END-- [ RunTime:0.000000s ]
INFO: [ app_end ] --START--
INFO: Run Behavior\ShowPageTrace [ RunTime:0.001001s ]
INFO: [ app_end ] --END-- [ RunTime:0.001001s ]

[ 2016-04-24T00:40:01+08:00 ] 127.0.0.1 /vote-fe/index.php/home/employee/index/employeeId/48/departmentId/5.html
INFO: [ app_begin ] --START--
INFO: Run Behavior\ReadHtmlCache [ RunTime:0.001000s ]
INFO: [ app_begin ] --END-- [ RunTime:0.001000s ]
SQL: SELECT * FROM employee WHERE id = 48 [ RunTime:0.001000s ]
SQL: SELECT * FROM department WHERE id = 5 [ RunTime:0.002000s ]
SQL: SELECT * FROM comment WHERE employeeId = 48 ORDER BY time [ RunTime:0.064004s ]
SQL: SELECT * FROM user [ RunTime:0.001000s ]
INFO: [ view_parse ] --START--
INFO: [ template_filter ] --START--
INFO: Run Behavior\ContentReplace [ RunTime:0.001000s ]
INFO: [ template_filter ] --END-- [ RunTime:0.001000s ]
NOTIC: [8] Use of undefined constant gender - assumed 'gender' E:\WWW\vote-fe\Application\Runtime\Cache\Home\bd28cd353734212445e247984d966dea.php 第 47 行.
INFO: Run Behavior\ParseTemplate [ RunTime:0.062003s ]
INFO: [ view_parse ] --END-- [ RunTime:0.062003s ]
INFO: [ view_filter ] --START--
INFO: Run Behavior\WriteHtmlCache [ RunTime:0.000000s ]
INFO: [ view_filter ] --END-- [ RunTime:0.001000s ]
INFO: [ app_end ] --START--
INFO: Run Behavior\ShowPageTrace [ RunTime:0.002000s ]
INFO: [ app_end ] --END-- [ RunTime:0.002000s ]

[ 2016-04-24T00:49:13+08:00 ] 127.0.0.1 /vote-fe/index.php/home/index/index/departmentId/4.html
INFO: [ app_begin ] --START--
INFO: Run Behavior\ReadHtmlCache [ RunTime:0.002000s ]
INFO: [ app_begin ] --END-- [ RunTime:0.004000s ]
SQL: SELECT * FROM department [ RunTime:0.001000s ]
SQL: SELECT * FROM employee WHERE department_id = 4 AND status = 1 ORDER BY votes DESC LIMIT 0, 20 [ RunTime:0.001000s ]
SQL: SELECT COUNT(*) AS tp_count FROM `` WHERE ( `department_id` = '4' ) LIMIT 1   [ RunTime:0.001000s ]
ERR: 1103:Incorrect table name ''
 [ SQL语句 ] : SELECT COUNT(*) AS tp_count FROM `` WHERE ( `department_id` = '4' ) LIMIT 1  
INFO: [ view_parse ] --START--
INFO: [ template_filter ] --START--
INFO: Run Behavior\ContentReplace [ RunTime:0.001000s ]
INFO: [ template_filter ] --END-- [ RunTime:0.001000s ]
INFO: Run Behavior\ParseTemplate [ RunTime:0.047003s ]
INFO: [ view_parse ] --END-- [ RunTime:0.047003s ]
INFO: [ view_filter ] --START--
INFO: Run Behavior\WriteHtmlCache [ RunTime:0.001000s ]
INFO: [ view_filter ] --END-- [ RunTime:0.002000s ]
INFO: [ app_end ] --START--
INFO: Run Behavior\ShowPageTrace [ RunTime:0.001000s ]
INFO: [ app_end ] --END-- [ RunTime:0.002000s ]

[ 2016-04-24T00:49:43+08:00 ] 127.0.0.1 /vote-fe/index.php/home/index/index/departmentId/5.html
INFO: [ app_begin ] --START--
INFO: Run Behavior\ReadHtmlCache [ RunTime:0.001000s ]
INFO: [ app_begin ] --END-- [ RunTime:0.002000s ]
SQL: SELECT * FROM department [ RunTime:0.001000s ]
SQL: SELECT * FROM employee WHERE department_id = 5 AND status = 1 ORDER BY votes DESC LIMIT 0, 20 [ RunTime:0.001000s ]
SQL: SELECT COUNT(*) AS tp_count FROM `` WHERE ( `department_id` = '5' ) LIMIT 1   [ RunTime:0.000000s ]
ERR: 1103:Incorrect table name ''
 [ SQL语句 ] : SELECT COUNT(*) AS tp_count FROM `` WHERE ( `department_id` = '5' ) LIMIT 1  
INFO: [ view_parse ] --START--
INFO: [ template_filter ] --START--
INFO: Run Behavior\ContentReplace [ RunTime:0.000000s ]
INFO: [ template_filter ] --END-- [ RunTime:0.000000s ]
INFO: Run Behavior\ParseTemplate [ RunTime:0.028001s ]
INFO: [ view_parse ] --END-- [ RunTime:0.028001s ]
INFO: [ view_filter ] --START--
INFO: Run Behavior\WriteHtmlCache [ RunTime:0.001000s ]
INFO: [ view_filter ] --END-- [ RunTime:0.001000s ]
INFO: [ app_end ] --START--
INFO: Run Behavior\ShowPageTrace [ RunTime:0.001000s ]
INFO: [ app_end ] --END-- [ RunTime:0.001000s ]

[ 2016-04-24T00:49:56+08:00 ] 127.0.0.1 /vote-fe/index.php/home/index/index/departmentId/4.html
INFO: [ app_begin ] --START--
INFO: Run Behavior\ReadHtmlCache [ RunTime:0.001000s ]
INFO: [ app_begin ] --END-- [ RunTime:0.002000s ]
SQL: SELECT * FROM department [ RunTime:0.001000s ]
SQL: SELECT * FROM employee WHERE department_id = 4 AND status = 1 ORDER BY votes DESC LIMIT 0, 20 [ RunTime:0.001000s ]
SQL: SELECT COUNT(*) AS tp_count FROM `` WHERE ( `department_id` = '4' ) LIMIT 1   [ RunTime:0.001000s ]
ERR: 1103:Incorrect table name ''
 [ SQL语句 ] : SELECT COUNT(*) AS tp_count FROM `` WHERE ( `department_id` = '4' ) LIMIT 1  
INFO: [ view_parse ] --START--
INFO: [ template_filter ] --START--
INFO: Run Behavior\ContentReplace [ RunTime:0.000000s ]
INFO: [ template_filter ] --END-- [ RunTime:0.001000s ]
INFO: Run Behavior\ParseTemplate [ RunTime:0.025002s ]
INFO: [ view_parse ] --END-- [ RunTime:0.025002s ]
INFO: [ view_filter ] --START--
INFO: Run Behavior\WriteHtmlCache [ RunTime:0.000000s ]
INFO: [ view_filter ] --END-- [ RunTime:0.000000s ]
INFO: [ app_end ] --START--
INFO: Run Behavior\ShowPageTrace [ RunTime:0.002000s ]
INFO: [ app_end ] --END-- [ RunTime:0.002000s ]

[ 2016-04-24T00:55:23+08:00 ] 127.0.0.1 /vote-fe/index.php/home/index/index/departmentId/4.html
INFO: [ app_begin ] --START--
INFO: Run Behavior\ReadHtmlCache [ RunTime:0.001000s ]
INFO: [ app_begin ] --END-- [ RunTime:0.002000s ]
SQL: SELECT * FROM department [ RunTime:0.000000s ]
SQL: SELECT * FROM employee WHERE department_id = 4 AND status = 1 ORDER BY votes DESC LIMIT 0, 20 [ RunTime:0.000000s ]
SQL: SELECT COUNT(*) AS tp_count FROM `` WHERE ( `department_id` = '4' ) LIMIT 1   [ RunTime:0.000000s ]
ERR: 1103:Incorrect table name ''
 [ SQL语句 ] : SELECT COUNT(*) AS tp_count FROM `` WHERE ( `department_id` = '4' ) LIMIT 1  
INFO: [ view_parse ] --START--
INFO: [ template_filter ] --START--
INFO: Run Behavior\ContentReplace [ RunTime:0.000000s ]
INFO: [ template_filter ] --END-- [ RunTime:0.000000s ]
INFO: Run Behavior\ParseTemplate [ RunTime:0.026001s ]
INFO: [ view_parse ] --END-- [ RunTime:0.026001s ]
INFO: [ view_filter ] --START--
INFO: Run Behavior\WriteHtmlCache [ RunTime:0.001000s ]
INFO: [ view_filter ] --END-- [ RunTime:0.001000s ]
INFO: [ app_end ] --START--
INFO: Run Behavior\ShowPageTrace [ RunTime:0.001000s ]
INFO: [ app_end ] --END-- [ RunTime:0.001000s ]

[ 2016-04-24T00:55:28+08:00 ] 127.0.0.1 /vote-fe/index.php/home/index/index/departmentId/3.html
INFO: [ app_begin ] --START--
INFO: Run Behavior\ReadHtmlCache [ RunTime:0.001000s ]
INFO: [ app_begin ] --END-- [ RunTime:0.002000s ]
SQL: SELECT * FROM department [ RunTime:0.041002s ]
SQL: SELECT * FROM employee WHERE department_id = 3 AND status = 1 ORDER BY votes DESC LIMIT 0, 20 [ RunTime:0.014001s ]
SQL: SELECT COUNT(*) AS tp_count FROM `` WHERE ( `department_id` = '3' ) LIMIT 1   [ RunTime:0.000000s ]
ERR: 1103:Incorrect table name ''
 [ SQL语句 ] : SELECT COUNT(*) AS tp_count FROM `` WHERE ( `department_id` = '3' ) LIMIT 1  
INFO: [ view_parse ] --START--
INFO: [ template_filter ] --START--
INFO: Run Behavior\ContentReplace [ RunTime:0.000000s ]
INFO: [ template_filter ] --END-- [ RunTime:0.001000s ]
INFO: Run Behavior\ParseTemplate [ RunTime:0.026001s ]
INFO: [ view_parse ] --END-- [ RunTime:0.026001s ]
INFO: [ view_filter ] --START--
INFO: Run Behavior\WriteHtmlCache [ RunTime:0.000000s ]
INFO: [ view_filter ] --END-- [ RunTime:0.001001s ]
INFO: [ app_end ] --START--
INFO: Run Behavior\ShowPageTrace [ RunTime:0.001000s ]
INFO: [ app_end ] --END-- [ RunTime:0.001000s ]

[ 2016-04-24T00:55:29+08:00 ] 127.0.0.1 /vote-fe/index.php/home/index/index/departmentId/2.html
INFO: [ app_begin ] --START--
INFO: Run Behavior\ReadHtmlCache [ RunTime:0.001000s ]
INFO: [ app_begin ] --END-- [ RunTime:0.002000s ]
SQL: SELECT * FROM department [ RunTime:0.001000s ]
SQL: SELECT * FROM employee WHERE department_id = 2 AND status = 1 ORDER BY votes DESC LIMIT 0, 20 [ RunTime:0.001000s ]
SQL: SELECT COUNT(*) AS tp_count FROM `` WHERE ( `department_id` = '2' ) LIMIT 1   [ RunTime:0.000000s ]
ERR: 1103:Incorrect table name ''
 [ SQL语句 ] : SELECT COUNT(*) AS tp_count FROM `` WHERE ( `department_id` = '2' ) LIMIT 1  
INFO: [ view_parse ] --START--
INFO: [ template_filter ] --START--
INFO: Run Behavior\ContentReplace [ RunTime:0.000000s ]
INFO: [ template_filter ] --END-- [ RunTime:0.000000s ]
INFO: Run Behavior\ParseTemplate [ RunTime:0.026001s ]
INFO: [ view_parse ] --END-- [ RunTime:0.026001s ]
INFO: [ view_filter ] --START--
INFO: Run Behavior\WriteHtmlCache [ RunTime:0.000000s ]
INFO: [ view_filter ] --END-- [ RunTime:0.001001s ]
INFO: [ app_end ] --START--
INFO: Run Behavior\ShowPageTrace [ RunTime:0.001000s ]
INFO: [ app_end ] --END-- [ RunTime:0.001000s ]

[ 2016-04-24T00:55:31+08:00 ] 127.0.0.1 /vote-fe/index.php/home/index/index/departmentId/1.html
INFO: [ app_begin ] --START--
INFO: Run Behavior\ReadHtmlCache [ RunTime:0.001000s ]
INFO: [ app_begin ] --END-- [ RunTime:0.002000s ]
SQL: SELECT * FROM department [ RunTime:0.000000s ]
SQL: SELECT * FROM employee WHERE department_id = 1 AND status = 1 ORDER BY votes DESC LIMIT 0, 20 [ RunTime:0.002000s ]
SQL: SELECT COUNT(*) AS tp_count FROM `` WHERE ( `department_id` = '1' ) LIMIT 1   [ RunTime:0.001001s ]
ERR: 1103:Incorrect table name ''
 [ SQL语句 ] : SELECT COUNT(*) AS tp_count FROM `` WHERE ( `department_id` = '1' ) LIMIT 1  
INFO: [ view_parse ] --START--
INFO: [ template_filter ] --START--
INFO: Run Behavior\ContentReplace [ RunTime:0.000000s ]
INFO: [ template_filter ] --END-- [ RunTime:0.000000s ]
INFO: Run Behavior\ParseTemplate [ RunTime:0.026001s ]
INFO: [ view_parse ] --END-- [ RunTime:0.026001s ]
INFO: [ view_filter ] --START--
INFO: Run Behavior\WriteHtmlCache [ RunTime:0.001000s ]
INFO: [ view_filter ] --END-- [ RunTime:0.001000s ]
INFO: [ app_end ] --START--
INFO: Run Behavior\ShowPageTrace [ RunTime:0.001000s ]
INFO: [ app_end ] --END-- [ RunTime:0.001000s ]

