[ 2016-05-07T21:28:00+08:00 ] 127.0.0.1 /vote-fe/
INFO: [ app_begin ] --START--
INFO: Run Behavior\ReadHtmlCache [ RunTime:0.022001s ]
INFO: [ app_begin ] --END-- [ RunTime:0.039003s ]
INFO: [ view_parse ] --START--
INFO: [ template_filter ] --START--
INFO: Run Behavior\ContentReplace [ RunTime:0.000000s ]
INFO: [ template_filter ] --END-- [ RunTime:0.000000s ]
INFO: Run Behavior\ParseTemplate [ RunTime:0.194011s ]
INFO: [ view_parse ] --END-- [ RunTime:0.194011s ]
INFO: [ view_filter ] --START--
INFO: Run Behavior\WriteHtmlCache [ RunTime:0.033002s ]
INFO: [ view_filter ] --END-- [ RunTime:0.033002s ]

[ 2016-05-07T21:28:04+08:00 ] 127.0.0.1 /vote-fe/index.php/Login/login.html
INFO: [ app_begin ] --START--
INFO: Run Behavior\ReadHtmlCache [ RunTime:0.001000s ]
INFO: [ app_begin ] --END-- [ RunTime:0.002000s ]
INFO: [ view_parse ] --START--
INFO: [ template_filter ] --START--
INFO: Run Behavior\ContentReplace [ RunTime:0.000000s ]
INFO: [ template_filter ] --END-- [ RunTime:0.001000s ]
INFO: Run Behavior\ParseTemplate [ RunTime:0.030002s ]
INFO: [ view_parse ] --END-- [ RunTime:0.030002s ]
INFO: [ view_filter ] --START--
INFO: Run Behavior\WriteHtmlCache [ RunTime:0.001000s ]
INFO: [ view_filter ] --END-- [ RunTime:0.001000s ]
INFO: [ app_end ] --START--
INFO: Run Behavior\ShowPageTrace [ RunTime:0.060004s ]
INFO: [ app_end ] --END-- [ RunTime:0.060004s ]

[ 2016-05-07T21:28:04+08:00 ] 127.0.0.1 /vote-fe/index.php/Login/%E7%99%BB%E5%BD%95%20-%20SuperId_files/hm.js
INFO: [ app_begin ] --START--
INFO: Run Behavior\ReadHtmlCache [ RunTime:0.001000s ]
INFO: [ app_begin ] --END-- [ RunTime:0.002001s ]
ERR: 非法操作:登录 - superid_files

[ 2016-05-07T21:28:04+08:00 ] 127.0.0.1 /vote-fe/index.php/Login/%E7%99%BB%E5%BD%95%20-%20SuperId_files/settings.js
INFO: [ app_begin ] --START--
INFO: Run Behavior\ReadHtmlCache [ RunTime:0.001001s ]
INFO: [ app_begin ] --END-- [ RunTime:0.002001s ]
ERR: 非法操作:登录 - superid_files

[ 2016-05-07T21:28:04+08:00 ] 127.0.0.1 /vote-fe/index.php/Login/%E7%99%BB%E5%BD%95%20-%20SuperId_files/bundle.lib.min.1460456660699.js
INFO: [ app_begin ] --START--
INFO: Run Behavior\ReadHtmlCache [ RunTime:0.002000s ]
INFO: [ app_begin ] --END-- [ RunTime:0.002000s ]
ERR: 非法操作:登录 - superid_files

[ 2016-05-07T21:28:04+08:00 ] 127.0.0.1 /vote-fe/index.php/Login/%E7%99%BB%E5%BD%95%20-%20SuperId_files/head.min.1460456660699.js
INFO: [ app_begin ] --START--
INFO: Run Behavior\ReadHtmlCache [ RunTime:0.001000s ]
INFO: [ app_begin ] --END-- [ RunTime:0.002000s ]
ERR: 非法操作:登录 - superid_files

[ 2016-05-07T21:28:04+08:00 ] 127.0.0.1 /vote-fe/index.php/Login/%E7%99%BB%E5%BD%95%20-%20SuperId_files/area.js
INFO: [ app_begin ] --START--
INFO: Run Behavior\ReadHtmlCache [ RunTime:0.003000s ]
INFO: [ app_begin ] --END-- [ RunTime:0.019001s ]
ERR: 非法操作:登录 - superid_files

[ 2016-05-07T21:28:04+08:00 ] 127.0.0.1 /vote-fe/index.php/Login/%E7%99%BB%E5%BD%95%20-%20SuperId_files/nations.js
INFO: [ app_begin ] --START--
INFO: Run Behavior\ReadHtmlCache [ RunTime:0.001000s ]
INFO: [ app_begin ] --END-- [ RunTime:0.002000s ]
ERR: 非法操作:登录 - superid_files

[ 2016-05-07T21:28:04+08:00 ] 127.0.0.1 /vote-fe/index.php/Login/%E7%99%BB%E5%BD%95%20-%20SuperId_files/bundle.min.1460456660699.js
INFO: [ app_begin ] --START--
INFO: Run Behavior\ReadHtmlCache [ RunTime:0.001000s ]
INFO: [ app_begin ] --END-- [ RunTime:0.002000s ]
ERR: 非法操作:登录 - superid_files

[ 2016-05-07T21:28:29+08:00 ] 127.0.0.1 /vote-fe/index.php/Login/login.html
INFO: [ app_begin ] --START--
INFO: Run Behavior\ReadHtmlCache [ RunTime:0.001000s ]
INFO: [ app_begin ] --END-- [ RunTime:0.002000s ]
SQL: SHOW COLUMNS FROM `user` [ RunTime:0.106006s ]
SQL: SELECT `userId`,`username`,`departmentId`,`realname`,`password` FROM `user` WHERE ( `username` = 'zjq' ) LIMIT 1   [ RunTime:0.019002s ]
INFO: [ view_parse ] --START--
INFO: [ template_filter ] --START--
INFO: Run Behavior\ContentReplace [ RunTime:0.000000s ]
INFO: [ template_filter ] --END-- [ RunTime:0.001000s ]
INFO: Run Behavior\ParseTemplate [ RunTime:0.014000s ]
INFO: [ view_parse ] --END-- [ RunTime:0.014000s ]
INFO: [ view_filter ] --START--
INFO: Run Behavior\WriteHtmlCache [ RunTime:0.001000s ]
INFO: [ view_filter ] --END-- [ RunTime:0.001000s ]

[ 2016-05-07T21:28:32+08:00 ] 127.0.0.1 /vote-fe/index.php/Login/login.html
INFO: [ app_begin ] --START--
INFO: Run Behavior\ReadHtmlCache [ RunTime:0.001000s ]
INFO: [ app_begin ] --END-- [ RunTime:0.002000s ]
INFO: [ view_parse ] --START--
INFO: [ template_filter ] --START--
INFO: Run Behavior\ContentReplace [ RunTime:0.000000s ]
INFO: [ template_filter ] --END-- [ RunTime:0.000000s ]
INFO: Run Behavior\ParseTemplate [ RunTime:0.051003s ]
INFO: [ view_parse ] --END-- [ RunTime:0.051003s ]
INFO: [ view_filter ] --START--
INFO: Run Behavior\WriteHtmlCache [ RunTime:0.001000s ]
INFO: [ view_filter ] --END-- [ RunTime:0.001000s ]
INFO: [ app_end ] --START--
INFO: Run Behavior\ShowPageTrace [ RunTime:0.002001s ]
INFO: [ app_end ] --END-- [ RunTime:0.002001s ]

[ 2016-05-07T21:28:43+08:00 ] 127.0.0.1 /vote-fe/index.php/Login/login.html
INFO: [ app_begin ] --START--
INFO: Run Behavior\ReadHtmlCache [ RunTime:0.001000s ]
INFO: [ app_begin ] --END-- [ RunTime:0.002000s ]
SQL: SHOW COLUMNS FROM `user` [ RunTime:0.009001s ]
SQL: SELECT `userId`,`username`,`departmentId`,`realname`,`password` FROM `user` WHERE ( `username` = 'zjq' ) LIMIT 1   [ RunTime:0.000000s ]
INFO: [ view_parse ] --START--
INFO: [ template_filter ] --START--
INFO: Run Behavior\ContentReplace [ RunTime:0.000000s ]
INFO: [ template_filter ] --END-- [ RunTime:0.001000s ]
INFO: Run Behavior\ParseTemplate [ RunTime:0.010000s ]
INFO: [ view_parse ] --END-- [ RunTime:0.010000s ]
INFO: [ view_filter ] --START--
INFO: Run Behavior\WriteHtmlCache [ RunTime:0.001000s ]
INFO: [ view_filter ] --END-- [ RunTime:0.001000s ]

[ 2016-05-07T21:28:46+08:00 ] 127.0.0.1 /vote-fe/index.php/Login/login.html
INFO: [ app_begin ] --START--
INFO: Run Behavior\ReadHtmlCache [ RunTime:0.001000s ]
INFO: [ app_begin ] --END-- [ RunTime:0.002000s ]
INFO: [ view_parse ] --START--
INFO: [ template_filter ] --START--
INFO: Run Behavior\ContentReplace [ RunTime:0.000000s ]
INFO: [ template_filter ] --END-- [ RunTime:0.000000s ]
INFO: Run Behavior\ParseTemplate [ RunTime:0.012001s ]
INFO: [ view_parse ] --END-- [ RunTime:0.012001s ]
INFO: [ view_filter ] --START--
INFO: Run Behavior\WriteHtmlCache [ RunTime:0.001000s ]
INFO: [ view_filter ] --END-- [ RunTime:0.001000s ]
INFO: [ app_end ] --START--
INFO: Run Behavior\ShowPageTrace [ RunTime:0.002000s ]
INFO: [ app_end ] --END-- [ RunTime:0.002000s ]

[ 2016-05-07T21:29:16+08:00 ] 127.0.0.1 /vote-fe/index.php/Login/login.html
INFO: [ app_begin ] --START--
INFO: Run Behavior\ReadHtmlCache [ RunTime:0.002001s ]
INFO: [ app_begin ] --END-- [ RunTime:0.002001s ]
SQL: SHOW COLUMNS FROM `user` [ RunTime:0.010001s ]
SQL: SELECT `userId`,`username`,`departmentId`,`realname`,`password` FROM `user` WHERE ( `username` = 'xiaoz' ) LIMIT 1   [ RunTime:0.000000s ]
INFO: [ view_parse ] --START--
INFO: [ template_filter ] --START--
INFO: Run Behavior\ContentReplace [ RunTime:0.000000s ]
INFO: [ template_filter ] --END-- [ RunTime:0.001001s ]
INFO: Run Behavior\ParseTemplate [ RunTime:0.012001s ]
INFO: [ view_parse ] --END-- [ RunTime:0.012001s ]
INFO: [ view_filter ] --START--
INFO: Run Behavior\WriteHtmlCache [ RunTime:0.002000s ]
INFO: [ view_filter ] --END-- [ RunTime:0.003000s ]
INFO: [ app_end ] --START--
INFO: Run Behavior\ShowPageTrace [ RunTime:0.001000s ]
INFO: [ app_end ] --END-- [ RunTime:0.002000s ]

[ 2016-05-07T21:29:18+08:00 ] 127.0.0.1 /vote-fe/index.php/Index/index.html
INFO: [ app_begin ] --START--
INFO: Run Behavior\ReadHtmlCache [ RunTime:0.001000s ]
INFO: [ app_begin ] --END-- [ RunTime:0.002000s ]
SQL: SELECT * FROM department [ RunTime:0.001000s ]
SQL: SELECT * FROM employee WHERE department_id = 1 AND status = 1 ORDER BY votes DESC LIMIT 0, 20 [ RunTime:0.018001s ]
SQL: SELECT COUNT(*) AS tp_count FROM `` WHERE ( `department_id` = '1' ) LIMIT 1   [ RunTime:0.001000s ]
ERR: 1103:Incorrect table name ''
 [ SQL语句 ] : SELECT COUNT(*) AS tp_count FROM `` WHERE ( `department_id` = '1' ) LIMIT 1  
INFO: [ view_parse ] --START--
INFO: [ template_filter ] --START--
INFO: Run Behavior\ContentReplace [ RunTime:0.000000s ]
INFO: [ template_filter ] --END-- [ RunTime:0.000000s ]
NOTIC: [8] Undefined index: departmentId E:\WWW\vote-fe\Application\Runtime\Cache\Home\2a94b8bda04ff446dcedd42276fc99ee.php 第 26 行.
NOTIC: [8] Undefined index: departmentId E:\WWW\vote-fe\Application\Runtime\Cache\Home\2a94b8bda04ff446dcedd42276fc99ee.php 第 26 行.
NOTIC: [8] Undefined index: departmentId E:\WWW\vote-fe\Application\Runtime\Cache\Home\2a94b8bda04ff446dcedd42276fc99ee.php 第 26 行.
NOTIC: [8] Undefined index: departmentId E:\WWW\vote-fe\Application\Runtime\Cache\Home\2a94b8bda04ff446dcedd42276fc99ee.php 第 26 行.
NOTIC: [8] Undefined index: departmentId E:\WWW\vote-fe\Application\Runtime\Cache\Home\2a94b8bda04ff446dcedd42276fc99ee.php 第 26 行.
NOTIC: [8] Undefined index: departmentId E:\WWW\vote-fe\Application\Runtime\Cache\Home\2a94b8bda04ff446dcedd42276fc99ee.php 第 26 行.
NOTIC: [8] Undefined index: departmentId E:\WWW\vote-fe\Application\Runtime\Cache\Home\2a94b8bda04ff446dcedd42276fc99ee.php 第 124 行.
NOTIC: [8] Undefined index: departmentId E:\WWW\vote-fe\Application\Runtime\Cache\Home\2a94b8bda04ff446dcedd42276fc99ee.php 第 124 行.
NOTIC: [8] Undefined index: departmentId E:\WWW\vote-fe\Application\Runtime\Cache\Home\2a94b8bda04ff446dcedd42276fc99ee.php 第 124 行.
NOTIC: [8] Undefined index: departmentId E:\WWW\vote-fe\Application\Runtime\Cache\Home\2a94b8bda04ff446dcedd42276fc99ee.php 第 124 行.
NOTIC: [8] Undefined index: departmentId E:\WWW\vote-fe\Application\Runtime\Cache\Home\2a94b8bda04ff446dcedd42276fc99ee.php 第 124 行.
NOTIC: [8] Undefined index: departmentId E:\WWW\vote-fe\Application\Runtime\Cache\Home\2a94b8bda04ff446dcedd42276fc99ee.php 第 124 行.
INFO: Run Behavior\ParseTemplate [ RunTime:0.051003s ]
INFO: [ view_parse ] --END-- [ RunTime:0.051003s ]
INFO: [ view_filter ] --START--
INFO: Run Behavior\WriteHtmlCache [ RunTime:0.001000s ]
INFO: [ view_filter ] --END-- [ RunTime:0.001000s ]
INFO: [ app_end ] --START--
INFO: Run Behavior\ShowPageTrace [ RunTime:0.001000s ]
INFO: [ app_end ] --END-- [ RunTime:0.001000s ]

[ 2016-05-07T21:29:37+08:00 ] 127.0.0.1 /vote-fe/index.php/Index/index.html
INFO: [ app_begin ] --START--
INFO: Run Behavior\ReadHtmlCache [ RunTime:0.002000s ]
INFO: [ app_begin ] --END-- [ RunTime:0.003000s ]
SQL: SELECT * FROM department [ RunTime:0.000000s ]
SQL: SELECT * FROM employee WHERE department_id = 1 AND status = 1 ORDER BY votes DESC LIMIT 0, 20 [ RunTime:0.002000s ]
SQL: SELECT COUNT(*) AS tp_count FROM `` WHERE ( `department_id` = '1' ) LIMIT 1   [ RunTime:0.001000s ]
ERR: 1103:Incorrect table name ''
 [ SQL语句 ] : SELECT COUNT(*) AS tp_count FROM `` WHERE ( `department_id` = '1' ) LIMIT 1  
INFO: [ view_parse ] --START--
INFO: [ template_filter ] --START--
INFO: Run Behavior\ContentReplace [ RunTime:0.000000s ]
INFO: [ template_filter ] --END-- [ RunTime:0.000000s ]
NOTIC: [8] Undefined index: departmentId E:\WWW\vote-fe\Application\Runtime\Cache\Home\2a94b8bda04ff446dcedd42276fc99ee.php 第 26 行.
NOTIC: [8] Undefined index: departmentId E:\WWW\vote-fe\Application\Runtime\Cache\Home\2a94b8bda04ff446dcedd42276fc99ee.php 第 26 行.
NOTIC: [8] Undefined index: departmentId E:\WWW\vote-fe\Application\Runtime\Cache\Home\2a94b8bda04ff446dcedd42276fc99ee.php 第 26 行.
NOTIC: [8] Undefined index: departmentId E:\WWW\vote-fe\Application\Runtime\Cache\Home\2a94b8bda04ff446dcedd42276fc99ee.php 第 26 行.
NOTIC: [8] Undefined index: departmentId E:\WWW\vote-fe\Application\Runtime\Cache\Home\2a94b8bda04ff446dcedd42276fc99ee.php 第 26 行.
NOTIC: [8] Undefined index: departmentId E:\WWW\vote-fe\Application\Runtime\Cache\Home\2a94b8bda04ff446dcedd42276fc99ee.php 第 26 行.
NOTIC: [8] Undefined index: departmentId E:\WWW\vote-fe\Application\Runtime\Cache\Home\2a94b8bda04ff446dcedd42276fc99ee.php 第 124 行.
NOTIC: [8] Undefined index: departmentId E:\WWW\vote-fe\Application\Runtime\Cache\Home\2a94b8bda04ff446dcedd42276fc99ee.php 第 124 行.
NOTIC: [8] Undefined index: departmentId E:\WWW\vote-fe\Application\Runtime\Cache\Home\2a94b8bda04ff446dcedd42276fc99ee.php 第 124 行.
NOTIC: [8] Undefined index: departmentId E:\WWW\vote-fe\Application\Runtime\Cache\Home\2a94b8bda04ff446dcedd42276fc99ee.php 第 124 行.
NOTIC: [8] Undefined index: departmentId E:\WWW\vote-fe\Application\Runtime\Cache\Home\2a94b8bda04ff446dcedd42276fc99ee.php 第 124 行.
NOTIC: [8] Undefined index: departmentId E:\WWW\vote-fe\Application\Runtime\Cache\Home\2a94b8bda04ff446dcedd42276fc99ee.php 第 124 行.
INFO: Run Behavior\ParseTemplate [ RunTime:0.028001s ]
INFO: [ view_parse ] --END-- [ RunTime:0.028001s ]
INFO: [ view_filter ] --START--
INFO: Run Behavior\WriteHtmlCache [ RunTime:0.001000s ]
INFO: [ view_filter ] --END-- [ RunTime:0.001000s ]
INFO: [ app_end ] --START--
INFO: Run Behavior\ShowPageTrace [ RunTime:0.001001s ]
INFO: [ app_end ] --END-- [ RunTime:0.001001s ]

[ 2016-05-07T22:10:03+08:00 ] 127.0.0.1 /vote-fe/index.php/Index/index.html
INFO: [ app_begin ] --START--
INFO: Run Behavior\ReadHtmlCache [ RunTime:0.015000s ]
INFO: [ app_begin ] --END-- [ RunTime:0.030002s ]
SQL: SELECT * FROM department [ RunTime:0.163009s ]
SQL: SELECT * FROM employee WHERE department_id = 1 AND status = 1 ORDER BY votes DESC LIMIT 0, 20 [ RunTime:0.048003s ]
SQL: SELECT COUNT(*) AS tp_count FROM `` WHERE ( `department_id` = '1' ) LIMIT 1   [ RunTime:0.022001s ]
ERR: 1103:Incorrect table name ''
 [ SQL语句 ] : SELECT COUNT(*) AS tp_count FROM `` WHERE ( `department_id` = '1' ) LIMIT 1  
INFO: [ view_parse ] --START--
INFO: [ template_filter ] --START--
INFO: Run Behavior\ContentReplace [ RunTime:0.000000s ]
INFO: [ template_filter ] --END-- [ RunTime:0.000000s ]
NOTIC: [8] Undefined index: departmentId E:\WWW\vote-fe\Application\Runtime\Cache\Home\2a94b8bda04ff446dcedd42276fc99ee.php 第 26 行.
NOTIC: [8] Undefined index: departmentId E:\WWW\vote-fe\Application\Runtime\Cache\Home\2a94b8bda04ff446dcedd42276fc99ee.php 第 26 行.
NOTIC: [8] Undefined index: departmentId E:\WWW\vote-fe\Application\Runtime\Cache\Home\2a94b8bda04ff446dcedd42276fc99ee.php 第 26 行.
NOTIC: [8] Undefined index: departmentId E:\WWW\vote-fe\Application\Runtime\Cache\Home\2a94b8bda04ff446dcedd42276fc99ee.php 第 26 行.
NOTIC: [8] Undefined index: departmentId E:\WWW\vote-fe\Application\Runtime\Cache\Home\2a94b8bda04ff446dcedd42276fc99ee.php 第 26 行.
NOTIC: [8] Undefined index: departmentId E:\WWW\vote-fe\Application\Runtime\Cache\Home\2a94b8bda04ff446dcedd42276fc99ee.php 第 26 行.
NOTIC: [8] Undefined index: departmentId E:\WWW\vote-fe\Application\Runtime\Cache\Home\2a94b8bda04ff446dcedd42276fc99ee.php 第 124 行.
NOTIC: [8] Undefined index: departmentId E:\WWW\vote-fe\Application\Runtime\Cache\Home\2a94b8bda04ff446dcedd42276fc99ee.php 第 124 行.
NOTIC: [8] Undefined index: departmentId E:\WWW\vote-fe\Application\Runtime\Cache\Home\2a94b8bda04ff446dcedd42276fc99ee.php 第 124 行.
NOTIC: [8] Undefined index: departmentId E:\WWW\vote-fe\Application\Runtime\Cache\Home\2a94b8bda04ff446dcedd42276fc99ee.php 第 124 行.
NOTIC: [8] Undefined index: departmentId E:\WWW\vote-fe\Application\Runtime\Cache\Home\2a94b8bda04ff446dcedd42276fc99ee.php 第 124 行.
NOTIC: [8] Undefined index: departmentId E:\WWW\vote-fe\Application\Runtime\Cache\Home\2a94b8bda04ff446dcedd42276fc99ee.php 第 124 行.
INFO: Run Behavior\ParseTemplate [ RunTime:0.154008s ]
INFO: [ view_parse ] --END-- [ RunTime:0.154008s ]
INFO: [ view_filter ] --START--
INFO: Run Behavior\WriteHtmlCache [ RunTime:0.044003s ]
INFO: [ view_filter ] --END-- [ RunTime:0.044003s ]

[ 2016-05-07T22:10:03+08:00 ] 127.0.0.1 /vote-fe/index.php/Index/index.html
INFO: [ app_begin ] --START--
INFO: Run Behavior\ReadHtmlCache [ RunTime:0.001000s ]
INFO: [ app_begin ] --END-- [ RunTime:0.001000s ]
SQL: SELECT * FROM department [ RunTime:0.001000s ]
SQL: SELECT * FROM employee WHERE department_id = 1 AND status = 1 ORDER BY votes DESC LIMIT 0, 20 [ RunTime:0.004000s ]
SQL: SELECT COUNT(*) AS tp_count FROM `` WHERE ( `department_id` = '1' ) LIMIT 1   [ RunTime:0.001000s ]
ERR: 1103:Incorrect table name ''
 [ SQL语句 ] : SELECT COUNT(*) AS tp_count FROM `` WHERE ( `department_id` = '1' ) LIMIT 1  
INFO: [ view_parse ] --START--
INFO: [ template_filter ] --START--
INFO: Run Behavior\ContentReplace [ RunTime:0.001000s ]
INFO: [ template_filter ] --END-- [ RunTime:0.001000s ]
NOTIC: [8] Undefined index: departmentId E:\WWW\vote-fe\Application\Runtime\Cache\Home\2a94b8bda04ff446dcedd42276fc99ee.php 第 26 行.
NOTIC: [8] Undefined index: departmentId E:\WWW\vote-fe\Application\Runtime\Cache\Home\2a94b8bda04ff446dcedd42276fc99ee.php 第 26 行.
NOTIC: [8] Undefined index: departmentId E:\WWW\vote-fe\Application\Runtime\Cache\Home\2a94b8bda04ff446dcedd42276fc99ee.php 第 26 行.
NOTIC: [8] Undefined index: departmentId E:\WWW\vote-fe\Application\Runtime\Cache\Home\2a94b8bda04ff446dcedd42276fc99ee.php 第 26 行.
NOTIC: [8] Undefined index: departmentId E:\WWW\vote-fe\Application\Runtime\Cache\Home\2a94b8bda04ff446dcedd42276fc99ee.php 第 26 行.
NOTIC: [8] Undefined index: departmentId E:\WWW\vote-fe\Application\Runtime\Cache\Home\2a94b8bda04ff446dcedd42276fc99ee.php 第 26 行.
NOTIC: [8] Undefined index: departmentId E:\WWW\vote-fe\Application\Runtime\Cache\Home\2a94b8bda04ff446dcedd42276fc99ee.php 第 124 行.
NOTIC: [8] Undefined index: departmentId E:\WWW\vote-fe\Application\Runtime\Cache\Home\2a94b8bda04ff446dcedd42276fc99ee.php 第 124 行.
NOTIC: [8] Undefined index: departmentId E:\WWW\vote-fe\Application\Runtime\Cache\Home\2a94b8bda04ff446dcedd42276fc99ee.php 第 124 行.
NOTIC: [8] Undefined index: departmentId E:\WWW\vote-fe\Application\Runtime\Cache\Home\2a94b8bda04ff446dcedd42276fc99ee.php 第 124 行.
NOTIC: [8] Undefined index: departmentId E:\WWW\vote-fe\Application\Runtime\Cache\Home\2a94b8bda04ff446dcedd42276fc99ee.php 第 124 行.
NOTIC: [8] Undefined index: departmentId E:\WWW\vote-fe\Application\Runtime\Cache\Home\2a94b8bda04ff446dcedd42276fc99ee.php 第 124 行.
INFO: Run Behavior\ParseTemplate [ RunTime:0.028002s ]
INFO: [ view_parse ] --END-- [ RunTime:0.028002s ]
INFO: [ view_filter ] --START--
INFO: Run Behavior\WriteHtmlCache [ RunTime:0.001000s ]
INFO: [ view_filter ] --END-- [ RunTime:0.001000s ]
INFO: [ app_end ] --START--
INFO: Run Behavior\ShowPageTrace [ RunTime:0.047003s ]
INFO: [ app_end ] --END-- [ RunTime:0.047003s ]

[ 2016-05-07T23:34:46+08:00 ] 127.0.0.1 /vote-fe/index.php/Index/index.html
INFO: [ app_begin ] --START--
INFO: Run Behavior\ReadHtmlCache [ RunTime:0.015001s ]
INFO: [ app_begin ] --END-- [ RunTime:0.052003s ]
SQL: SELECT * FROM department [ RunTime:0.356021s ]
SQL: SELECT * FROM employee WHERE department_id = 1 AND status = 1 ORDER BY votes DESC LIMIT 0, 20 [ RunTime:0.096005s ]
SQL: SELECT COUNT(*) AS tp_count FROM `` WHERE ( `department_id` = '1' ) LIMIT 1   [ RunTime:0.032002s ]
ERR: 1103:Incorrect table name ''
 [ SQL语句 ] : SELECT COUNT(*) AS tp_count FROM `` WHERE ( `department_id` = '1' ) LIMIT 1  
INFO: [ view_parse ] --START--
INFO: [ template_filter ] --START--
INFO: Run Behavior\ContentReplace [ RunTime:0.000000s ]
INFO: [ template_filter ] --END-- [ RunTime:0.000000s ]
NOTIC: [8] Undefined index: departmentId E:\WWW\vote-fe\Application\Runtime\Cache\Home\2a94b8bda04ff446dcedd42276fc99ee.php 第 26 行.
NOTIC: [8] Undefined index: departmentId E:\WWW\vote-fe\Application\Runtime\Cache\Home\2a94b8bda04ff446dcedd42276fc99ee.php 第 26 行.
NOTIC: [8] Undefined index: departmentId E:\WWW\vote-fe\Application\Runtime\Cache\Home\2a94b8bda04ff446dcedd42276fc99ee.php 第 26 行.
NOTIC: [8] Undefined index: departmentId E:\WWW\vote-fe\Application\Runtime\Cache\Home\2a94b8bda04ff446dcedd42276fc99ee.php 第 26 行.
NOTIC: [8] Undefined index: departmentId E:\WWW\vote-fe\Application\Runtime\Cache\Home\2a94b8bda04ff446dcedd42276fc99ee.php 第 26 行.
NOTIC: [8] Undefined index: departmentId E:\WWW\vote-fe\Application\Runtime\Cache\Home\2a94b8bda04ff446dcedd42276fc99ee.php 第 26 行.
NOTIC: [8] Undefined index: departmentId E:\WWW\vote-fe\Application\Runtime\Cache\Home\2a94b8bda04ff446dcedd42276fc99ee.php 第 124 行.
NOTIC: [8] Undefined index: departmentId E:\WWW\vote-fe\Application\Runtime\Cache\Home\2a94b8bda04ff446dcedd42276fc99ee.php 第 124 行.
NOTIC: [8] Undefined index: departmentId E:\WWW\vote-fe\Application\Runtime\Cache\Home\2a94b8bda04ff446dcedd42276fc99ee.php 第 124 行.
NOTIC: [8] Undefined index: departmentId E:\WWW\vote-fe\Application\Runtime\Cache\Home\2a94b8bda04ff446dcedd42276fc99ee.php 第 124 行.
NOTIC: [8] Undefined index: departmentId E:\WWW\vote-fe\Application\Runtime\Cache\Home\2a94b8bda04ff446dcedd42276fc99ee.php 第 124 行.
NOTIC: [8] Undefined index: departmentId E:\WWW\vote-fe\Application\Runtime\Cache\Home\2a94b8bda04ff446dcedd42276fc99ee.php 第 124 行.
INFO: Run Behavior\ParseTemplate [ RunTime:0.288017s ]
INFO: [ view_parse ] --END-- [ RunTime:0.288017s ]
INFO: [ view_filter ] --START--
INFO: Run Behavior\WriteHtmlCache [ RunTime:0.020001s ]
INFO: [ view_filter ] --END-- [ RunTime:0.020001s ]

[ 2016-05-07T23:35:14+08:00 ] 127.0.0.1 /vote-fe/index.php/Index/index.html
INFO: [ app_begin ] --START--
INFO: Run Behavior\ReadHtmlCache [ RunTime:0.001000s ]
INFO: [ app_begin ] --END-- [ RunTime:0.002000s ]
SQL: SELECT * FROM department [ RunTime:0.045003s ]
SQL: SELECT * FROM employee WHERE department_id = 1 AND status = 1 ORDER BY votes DESC LIMIT 0, 20 [ RunTime:0.002000s ]
SQL: SELECT COUNT(*) AS tp_count FROM `` WHERE ( `department_id` = '1' ) LIMIT 1   [ RunTime:0.001000s ]
ERR: 1103:Incorrect table name ''
 [ SQL语句 ] : SELECT COUNT(*) AS tp_count FROM `` WHERE ( `department_id` = '1' ) LIMIT 1  
INFO: [ view_parse ] --START--
INFO: [ template_filter ] --START--
INFO: Run Behavior\ContentReplace [ RunTime:0.000000s ]
INFO: [ template_filter ] --END-- [ RunTime:0.000000s ]
NOTIC: [8] Undefined index: departmentId E:\WWW\vote-fe\Application\Runtime\Cache\Home\2a94b8bda04ff446dcedd42276fc99ee.php 第 26 行.
NOTIC: [8] Undefined index: departmentId E:\WWW\vote-fe\Application\Runtime\Cache\Home\2a94b8bda04ff446dcedd42276fc99ee.php 第 26 行.
NOTIC: [8] Undefined index: departmentId E:\WWW\vote-fe\Application\Runtime\Cache\Home\2a94b8bda04ff446dcedd42276fc99ee.php 第 26 行.
NOTIC: [8] Undefined index: departmentId E:\WWW\vote-fe\Application\Runtime\Cache\Home\2a94b8bda04ff446dcedd42276fc99ee.php 第 26 行.
NOTIC: [8] Undefined index: departmentId E:\WWW\vote-fe\Application\Runtime\Cache\Home\2a94b8bda04ff446dcedd42276fc99ee.php 第 26 行.
NOTIC: [8] Undefined index: departmentId E:\WWW\vote-fe\Application\Runtime\Cache\Home\2a94b8bda04ff446dcedd42276fc99ee.php 第 26 行.
NOTIC: [8] Undefined index: departmentId E:\WWW\vote-fe\Application\Runtime\Cache\Home\2a94b8bda04ff446dcedd42276fc99ee.php 第 124 行.
NOTIC: [8] Undefined index: departmentId E:\WWW\vote-fe\Application\Runtime\Cache\Home\2a94b8bda04ff446dcedd42276fc99ee.php 第 124 行.
NOTIC: [8] Undefined index: departmentId E:\WWW\vote-fe\Application\Runtime\Cache\Home\2a94b8bda04ff446dcedd42276fc99ee.php 第 124 行.
NOTIC: [8] Undefined index: departmentId E:\WWW\vote-fe\Application\Runtime\Cache\Home\2a94b8bda04ff446dcedd42276fc99ee.php 第 124 行.
NOTIC: [8] Undefined index: departmentId E:\WWW\vote-fe\Application\Runtime\Cache\Home\2a94b8bda04ff446dcedd42276fc99ee.php 第 124 行.
NOTIC: [8] Undefined index: departmentId E:\WWW\vote-fe\Application\Runtime\Cache\Home\2a94b8bda04ff446dcedd42276fc99ee.php 第 124 行.
INFO: Run Behavior\ParseTemplate [ RunTime:0.027001s ]
INFO: [ view_parse ] --END-- [ RunTime:0.027001s ]
INFO: [ view_filter ] --START--
INFO: Run Behavior\WriteHtmlCache [ RunTime:0.001000s ]
INFO: [ view_filter ] --END-- [ RunTime:0.001000s ]
INFO: [ app_end ] --START--
INFO: Run Behavior\ShowPageTrace [ RunTime:0.032002s ]
INFO: [ app_end ] --END-- [ RunTime:0.032002s ]

[ 2016-05-07T23:35:27+08:00 ] 127.0.0.1 /vote-fe/index.php/Index/index.html
INFO: [ app_begin ] --START--
INFO: Run Behavior\ReadHtmlCache [ RunTime:0.001000s ]
INFO: [ app_begin ] --END-- [ RunTime:0.002000s ]
SQL: SELECT * FROM department [ RunTime:0.001000s ]
SQL: SELECT * FROM employee WHERE department_id = 1 AND status = 1 ORDER BY votes DESC LIMIT 0, 20 [ RunTime:0.002000s ]
SQL: SELECT COUNT(*) AS tp_count FROM `` WHERE ( `department_id` = '1' ) LIMIT 1   [ RunTime:0.001000s ]
ERR: 1103:Incorrect table name ''
 [ SQL语句 ] : SELECT COUNT(*) AS tp_count FROM `` WHERE ( `department_id` = '1' ) LIMIT 1  
INFO: [ view_parse ] --START--
INFO: [ template_filter ] --START--
INFO: Run Behavior\ContentReplace [ RunTime:0.000000s ]
INFO: [ template_filter ] --END-- [ RunTime:0.000000s ]
NOTIC: [8] Undefined index: departmentId E:\WWW\vote-fe\Application\Runtime\Cache\Home\2a94b8bda04ff446dcedd42276fc99ee.php 第 26 行.
NOTIC: [8] Undefined index: departmentId E:\WWW\vote-fe\Application\Runtime\Cache\Home\2a94b8bda04ff446dcedd42276fc99ee.php 第 26 行.
NOTIC: [8] Undefined index: departmentId E:\WWW\vote-fe\Application\Runtime\Cache\Home\2a94b8bda04ff446dcedd42276fc99ee.php 第 26 行.
NOTIC: [8] Undefined index: departmentId E:\WWW\vote-fe\Application\Runtime\Cache\Home\2a94b8bda04ff446dcedd42276fc99ee.php 第 26 行.
NOTIC: [8] Undefined index: departmentId E:\WWW\vote-fe\Application\Runtime\Cache\Home\2a94b8bda04ff446dcedd42276fc99ee.php 第 26 行.
NOTIC: [8] Undefined index: departmentId E:\WWW\vote-fe\Application\Runtime\Cache\Home\2a94b8bda04ff446dcedd42276fc99ee.php 第 26 行.
NOTIC: [8] Undefined index: departmentId E:\WWW\vote-fe\Application\Runtime\Cache\Home\2a94b8bda04ff446dcedd42276fc99ee.php 第 124 行.
NOTIC: [8] Undefined index: departmentId E:\WWW\vote-fe\Application\Runtime\Cache\Home\2a94b8bda04ff446dcedd42276fc99ee.php 第 124 行.
NOTIC: [8] Undefined index: departmentId E:\WWW\vote-fe\Application\Runtime\Cache\Home\2a94b8bda04ff446dcedd42276fc99ee.php 第 124 行.
NOTIC: [8] Undefined index: departmentId E:\WWW\vote-fe\Application\Runtime\Cache\Home\2a94b8bda04ff446dcedd42276fc99ee.php 第 124 行.
NOTIC: [8] Undefined index: departmentId E:\WWW\vote-fe\Application\Runtime\Cache\Home\2a94b8bda04ff446dcedd42276fc99ee.php 第 124 行.
NOTIC: [8] Undefined index: departmentId E:\WWW\vote-fe\Application\Runtime\Cache\Home\2a94b8bda04ff446dcedd42276fc99ee.php 第 124 行.
INFO: Run Behavior\ParseTemplate [ RunTime:0.027002s ]
INFO: [ view_parse ] --END-- [ RunTime:0.027002s ]
INFO: [ view_filter ] --START--
INFO: Run Behavior\WriteHtmlCache [ RunTime:0.001000s ]
INFO: [ view_filter ] --END-- [ RunTime:0.001000s ]
INFO: [ app_end ] --START--
INFO: Run Behavior\ShowPageTrace [ RunTime:0.001000s ]
INFO: [ app_end ] --END-- [ RunTime:0.002000s ]

[ 2016-05-07T23:35:47+08:00 ] 127.0.0.1 /vote-fe/index.php/Index/index.html
INFO: [ app_begin ] --START--
INFO: Run Behavior\ReadHtmlCache [ RunTime:0.001001s ]
INFO: [ app_begin ] --END-- [ RunTime:0.002001s ]
SQL: SELECT * FROM department [ RunTime:0.001000s ]
SQL: SELECT * FROM employee WHERE department_id = 1 AND status = 1 ORDER BY votes DESC LIMIT 0, 20 [ RunTime:0.001001s ]
SQL: SELECT COUNT(*) AS tp_count FROM `` WHERE ( `department_id` = '1' ) LIMIT 1   [ RunTime:0.001000s ]
ERR: 1103:Incorrect table name ''
 [ SQL语句 ] : SELECT COUNT(*) AS tp_count FROM `` WHERE ( `department_id` = '1' ) LIMIT 1  
INFO: [ view_parse ] --START--
INFO: [ template_filter ] --START--
INFO: Run Behavior\ContentReplace [ RunTime:0.000000s ]
INFO: [ template_filter ] --END-- [ RunTime:0.000000s ]
NOTIC: [8] Undefined index: departmentId E:\WWW\vote-fe\Application\Runtime\Cache\Home\2a94b8bda04ff446dcedd42276fc99ee.php 第 26 行.
NOTIC: [8] Undefined index: departmentId E:\WWW\vote-fe\Application\Runtime\Cache\Home\2a94b8bda04ff446dcedd42276fc99ee.php 第 26 行.
NOTIC: [8] Undefined index: departmentId E:\WWW\vote-fe\Application\Runtime\Cache\Home\2a94b8bda04ff446dcedd42276fc99ee.php 第 26 行.
NOTIC: [8] Undefined index: departmentId E:\WWW\vote-fe\Application\Runtime\Cache\Home\2a94b8bda04ff446dcedd42276fc99ee.php 第 26 行.
NOTIC: [8] Undefined index: departmentId E:\WWW\vote-fe\Application\Runtime\Cache\Home\2a94b8bda04ff446dcedd42276fc99ee.php 第 26 行.
NOTIC: [8] Undefined index: departmentId E:\WWW\vote-fe\Application\Runtime\Cache\Home\2a94b8bda04ff446dcedd42276fc99ee.php 第 26 行.
NOTIC: [8] Undefined index: departmentId E:\WWW\vote-fe\Application\Runtime\Cache\Home\2a94b8bda04ff446dcedd42276fc99ee.php 第 124 行.
NOTIC: [8] Undefined index: departmentId E:\WWW\vote-fe\Application\Runtime\Cache\Home\2a94b8bda04ff446dcedd42276fc99ee.php 第 124 行.
NOTIC: [8] Undefined index: departmentId E:\WWW\vote-fe\Application\Runtime\Cache\Home\2a94b8bda04ff446dcedd42276fc99ee.php 第 124 行.
NOTIC: [8] Undefined index: departmentId E:\WWW\vote-fe\Application\Runtime\Cache\Home\2a94b8bda04ff446dcedd42276fc99ee.php 第 124 行.
NOTIC: [8] Undefined index: departmentId E:\WWW\vote-fe\Application\Runtime\Cache\Home\2a94b8bda04ff446dcedd42276fc99ee.php 第 124 行.
NOTIC: [8] Undefined index: departmentId E:\WWW\vote-fe\Application\Runtime\Cache\Home\2a94b8bda04ff446dcedd42276fc99ee.php 第 124 行.
INFO: Run Behavior\ParseTemplate [ RunTime:0.026001s ]
INFO: [ view_parse ] --END-- [ RunTime:0.026001s ]
INFO: [ view_filter ] --START--
INFO: Run Behavior\WriteHtmlCache [ RunTime:0.001000s ]
INFO: [ view_filter ] --END-- [ RunTime:0.001000s ]

[ 2016-05-07T23:35:57+08:00 ] 127.0.0.1 /vote-fe/index.php/Index/index.html
INFO: [ app_begin ] --START--
INFO: Run Behavior\ReadHtmlCache [ RunTime:0.001000s ]
INFO: [ app_begin ] --END-- [ RunTime:0.003001s ]
SQL: SELECT * FROM department [ RunTime:0.001000s ]
SQL: SELECT * FROM employee WHERE department_id = 1 AND status = 1 ORDER BY votes DESC LIMIT 0, 20 [ RunTime:0.001000s ]
SQL: SELECT COUNT(*) AS tp_count FROM `` WHERE ( `department_id` = '1' ) LIMIT 1   [ RunTime:0.000000s ]
ERR: 1103:Incorrect table name ''
 [ SQL语句 ] : SELECT COUNT(*) AS tp_count FROM `` WHERE ( `department_id` = '1' ) LIMIT 1  
INFO: [ view_parse ] --START--
INFO: [ template_filter ] --START--
INFO: Run Behavior\ContentReplace [ RunTime:0.000000s ]
INFO: [ template_filter ] --END-- [ RunTime:0.000000s ]
NOTIC: [8] Undefined index: departmentId E:\WWW\vote-fe\Application\Runtime\Cache\Home\2a94b8bda04ff446dcedd42276fc99ee.php 第 26 行.
NOTIC: [8] Undefined index: departmentId E:\WWW\vote-fe\Application\Runtime\Cache\Home\2a94b8bda04ff446dcedd42276fc99ee.php 第 26 行.
NOTIC: [8] Undefined index: departmentId E:\WWW\vote-fe\Application\Runtime\Cache\Home\2a94b8bda04ff446dcedd42276fc99ee.php 第 26 行.
NOTIC: [8] Undefined index: departmentId E:\WWW\vote-fe\Application\Runtime\Cache\Home\2a94b8bda04ff446dcedd42276fc99ee.php 第 26 行.
NOTIC: [8] Undefined index: departmentId E:\WWW\vote-fe\Application\Runtime\Cache\Home\2a94b8bda04ff446dcedd42276fc99ee.php 第 26 行.
NOTIC: [8] Undefined index: departmentId E:\WWW\vote-fe\Application\Runtime\Cache\Home\2a94b8bda04ff446dcedd42276fc99ee.php 第 26 行.
NOTIC: [8] Undefined index: departmentId E:\WWW\vote-fe\Application\Runtime\Cache\Home\2a94b8bda04ff446dcedd42276fc99ee.php 第 124 行.
NOTIC: [8] Undefined index: departmentId E:\WWW\vote-fe\Application\Runtime\Cache\Home\2a94b8bda04ff446dcedd42276fc99ee.php 第 124 行.
NOTIC: [8] Undefined index: departmentId E:\WWW\vote-fe\Application\Runtime\Cache\Home\2a94b8bda04ff446dcedd42276fc99ee.php 第 124 行.
NOTIC: [8] Undefined index: departmentId E:\WWW\vote-fe\Application\Runtime\Cache\Home\2a94b8bda04ff446dcedd42276fc99ee.php 第 124 行.
NOTIC: [8] Undefined index: departmentId E:\WWW\vote-fe\Application\Runtime\Cache\Home\2a94b8bda04ff446dcedd42276fc99ee.php 第 124 行.
NOTIC: [8] Undefined index: departmentId E:\WWW\vote-fe\Application\Runtime\Cache\Home\2a94b8bda04ff446dcedd42276fc99ee.php 第 124 行.
INFO: Run Behavior\ParseTemplate [ RunTime:0.026002s ]
INFO: [ view_parse ] --END-- [ RunTime:0.026002s ]
INFO: [ view_filter ] --START--
INFO: Run Behavior\WriteHtmlCache [ RunTime:0.001000s ]
INFO: [ view_filter ] --END-- [ RunTime:0.001000s ]

